[info] Loading settings for project silver-gv-build from plugins.sbt ...
[info] Loading project definition from C:\Users\jacob\Desktop\REUSE\silver-gv\project
[info] Loading settings for project silver from build.sbt ...
[info] Set current project to silver (in build file:/C:/Users/jacob/Desktop/REUSE/silver-gv/)
[info] FullSilverTests:
[info] - testing all/assume/assume.vpr
[info] - testing all/assume/assume10.vpr
[info] - testing all/assume/assume10QP.vpr
[info] - testing all/assume/assume10QPpred.vpr
[info] - testing all/assume/assume10QPwand.vpr
[info] - testing all/basic/abstract_funcs_and_preds.vpr
[info] - testing all/basic/abstract_funcs_and_preds_consistency.vpr
[info] - testing all/basic/arithmetic.vpr
[info] - testing all/basic/assert.vpr
[info] - testing all/basic/consistency1.vpr *** FAILED ***
[info]   java.lang.RuntimeException: Error occurred during Parsing List(Parse error: Expected found "&& ((r.next != null)", expected "}" | invalid identifier (could be a keyword) | StringIn("+", "-") | "." | StringIn("*", "/", "\\", "%") at index 286
[info]   && ((r.next != null)
[info]   ^ (consistency1.vpr@12.3))
[info]   at scala.sys.package$.error(package.scala:26)
[info]   at FullSilverTests.toTranslate(FullSilverTests.scala:102)
[info]   at FullSilverTests.$anonfun$testAFile$3(FullSilverTests.scala:61)
[info]   at scala.runtime.java8.JFunction0$mcV$sp.apply(JFunction0$mcV$sp.java:12)
[info]   at org.scalatest.OutcomeOf.outcomeOf(OutcomeOf.scala:85)
[info]   at org.scalatest.OutcomeOf.outcomeOf$(OutcomeOf.scala:83)
[info]   at org.scalatest.OutcomeOf$.outcomeOf(OutcomeOf.scala:104)
[info]   at org.scalatest.Transformer.apply(Transformer.scala:22)
[info]   at org.scalatest.Transformer.apply(Transformer.scala:20)
[info]   at org.scalatest.FunSuiteLike$$anon$1.apply(FunSuiteLike.scala:186)
[info]   ...
[info] - testing all/basic/disjunction_fast_20.vpr
[info] - testing all/basic/disjunction_slow_20.vpr
[info] - testing all/basic/elsif.vpr
[info] - testing all/basic/fold.vpr
[info] - testing all/basic/func.vpr *** FAILED ***
[info]   shouldFail was true
[info]   all/basic/func.vpr should fail, but didn't (FullSilverTests.scala:96)
[info] - testing all/basic/func2.vpr
[info] - testing all/basic/func3.vpr
[info] - testing all/basic/funcpred.vpr
[info] - testing all/basic/goto.vpr
[info] - testing all/basic/heap.vpr
[info] - testing all/basic/inex.vpr *** FAILED ***
[info]   java.lang.RuntimeException: Error occurred during Parsing List(Parse error: Expected found "[acc(r.f, write), tr", expected predicateInstance | strInteger.filter(viper.silver.parser.FastParser$$$Lambda$543/0x000000080054b040@1bb2e6e1) | booltrue | boolfalse | nul | old | result | unExp | fapp | typedFapp | "(" ~ exp ~ ")" | accessPred | unfolding | applying | idnuse | Fail at index 197
[info]     requires [acc(r.f, write), tr
[info]              ^ (inex.vpr@9.14))
[info]   at scala.sys.package$.error(package.scala:26)
[info]   at FullSilverTests.toTranslate(FullSilverTests.scala:102)
[info]   at FullSilverTests.$anonfun$testAFile$3(FullSilverTests.scala:61)
[info]   at scala.runtime.java8.JFunction0$mcV$sp.apply(JFunction0$mcV$sp.java:12)
[info]   at org.scalatest.OutcomeOf.outcomeOf(OutcomeOf.scala:85)
[info]   at org.scalatest.OutcomeOf.outcomeOf$(OutcomeOf.scala:83)
[info]   at org.scalatest.OutcomeOf$.outcomeOf(OutcomeOf.scala:104)
[info]   at org.scalatest.Transformer.apply(Transformer.scala:22)
[info]   at org.scalatest.Transformer.apply(Transformer.scala:20)
[info]   at org.scalatest.FunSuiteLike$$anon$1.apply(FunSuiteLike.scala:186)
[info]   ...
[info] - testing all/basic/let.vpr
[info] - testing all/basic/let_consistency_resolver.vpr
[info] - testing all/basic/let_consistency_typechecker.vpr
[info] - testing all/basic/many_conjuncts.vpr
[info] - testing all/basic/methods.vpr
[info] - testing all/basic/names.vpr
[info] - testing all/basic/new.vpr
[info] - testing all/basic/quantifiers.vpr
[info] - testing all/basic/regression1.vpr
[info] - testing all/basic/syntax.vpr
[info] - testing all/basic/syntax2.vpr
[info] - testing all/basic/unfolding.vpr
[info] - testing all/basic/unique.vpr
[info] - testing all/basic/welldef.vpr
[info] - testing all/basic/while.vpr
[info] - testing all/chalice/AVLTree.iterative.vpr
[info] - testing all/chalice/cyclic-list.vpr
[info] - testing all/chalice/FoldUnfoldExperiments.vpr
[info] - testing all/chalice/framing-fields.vpr
[info] - testing all/chalice/framing-functions.vpr
[info] - testing all/chalice/internal-bug-1.vpr
[info] - testing all/chalice/internal-bug-2.vpr
[info] - testing all/chalice/internal-bug-6.vpr *** FAILED ***
[info]   shouldFail was true
[info]   all/chalice/internal-bug-6.vpr should fail, but didn't (FullSilverTests.scala:96)
[info] - testing all/chalice/internal-bug-7.vpr
[info] - testing all/chalice/nestedPredicates.vpr
[info] - testing all/chalice/RingBufferRd.vpr
[info] - testing all/chalice/setset.vpr *** FAILED ***
[info]   shouldFail was true
[info]   all/chalice/setset.vpr should fail, but didn't (FullSilverTests.scala:96)
[info] - testing all/chalice/swap.vpr
[info] - testing all/chalice/test1.vpr
[info] - testing all/chalice/test10.vpr
[info] - testing all/chalice/test2.vpr *** FAILED ***
[info]   shouldFail was true
[info]   all/chalice/test2.vpr should fail, but didn't (FullSilverTests.scala:96)
[info] - testing all/chalice/test3.vpr *** FAILED ***
[info]   shouldFail was true
[info]   all/chalice/test3.vpr should fail, but didn't (FullSilverTests.scala:96)
[info] - testing all/chalice/test7.vpr *** FAILED ***
[info]   shouldFail was true
[info]   all/chalice/test7.vpr should fail, but didn't (FullSilverTests.scala:96)
[info] - testing all/chalice/test8.vpr
[info] - testing all/domains/domains.vpr
[info] - testing all/domains/domains2.vpr
[info] - testing all/domains/domains_threshold.vpr
[info] - testing all/domains/domains_underspecified.vpr
[info] - testing all/functions/basic.vpr
[info] - testing all/functions/basic2.vpr *** FAILED ***
[info]   shouldFail was true
[info]   all/functions/basic2.vpr should fail, but didn't (FullSilverTests.scala:96)
[info] - testing all/functions/framing_abstract_functions.vpr
[info] - testing all/functions/functions.vpr
[info] - testing all/functions/heap_dependent_triggers.vpr
[info] - testing all/functions/linkedlists.vpr
[info] - testing all/functions/nested.vpr
[info] - testing all/functions/recursion.vpr *** FAILED ***
[info]   shouldFail was true
[info]   all/functions/recursion.vpr should fail, but didn't (FullSilverTests.scala:96)
[info] - testing all/functions/recursive_unrolling.vpr
[info] - testing all/functions/unfolding.vpr
[info] - testing all/functions/unfolding_nonnull.vpr *** FAILED ***
[info]   shouldFail was true
[info]   all/functions/unfolding_nonnull.vpr should fail, but didn't (FullSilverTests.scala:96)
[info] - testing all/heap-dependent_triggers/HeapTriggersForperm.vpr
[info] - testing all/heap-dependent_triggers/heapTriggersInhaleExhale.vpr
[info] - testing all/heap-dependent_triggers/heapTriggersNested.vpr
[info] - testing all/heap-dependent_triggers/testNonQuant.vpr
[info] - testing all/heap-dependent_triggers/triggerFoldPackage.vpr
[info] - testing all/heap-dependent_triggers/triggerNotInBody.vpr
[info] - testing all/heap-dependent_triggers/triggerPred.vpr
[info] - testing all/heap-dependent_triggers/triggerWand.vpr
[info] - testing all/import/demo/account.vpr *** FAILED ***
[info]   shouldFail was true
[info]   all/import/demo/account.vpr should fail, but didn't (FullSilverTests.scala:96)
[info] - testing all/import/demo/demo.vpr *** FAILED ***
[info]   java.lang.RuntimeException: Error occurred during SemanticAnalysis List(expected a method (demo.vpr@17.3))
[info]   at scala.sys.package$.error(package.scala:26)
[info]   at FullSilverTests.toTranslate(FullSilverTests.scala:102)
[info]   at FullSilverTests.$anonfun$testAFile$3(FullSilverTests.scala:61)
[info]   at scala.runtime.java8.JFunction0$mcV$sp.apply(JFunction0$mcV$sp.java:12)
[info]   at org.scalatest.OutcomeOf.outcomeOf(OutcomeOf.scala:85)
[info]   at org.scalatest.OutcomeOf.outcomeOf$(OutcomeOf.scala:83)
[info]   at org.scalatest.OutcomeOf$.outcomeOf(OutcomeOf.scala:104)
[info]   at org.scalatest.Transformer.apply(Transformer.scala:22)
[info]   at org.scalatest.Transformer.apply(Transformer.scala:20)
[info]   at org.scalatest.FunSuiteLike$$anon$1.apply(FunSuiteLike.scala:186)
[info]   ...
[info] - testing all/import/demo/list.vpr *** FAILED ***
[info]   shouldFail was true
[info]   all/import/demo/list.vpr should fail, but didn't (FullSilverTests.scala:96)
[info] - testing all/import/init_past/liba.vpr
[info] - testing all/import/init_past/libb.vpr
[info] - testing all/import/init_past/main.vpr *** FAILED ***
[info]   java.lang.RuntimeException: Error occurred during Parsing List(Parse error: Expected found "axiom bar {\n        ", expected invalid identifier (could be a keyword) | domainFunctionDecl | axiomDecl | "}" at index 211
[info]     axiom bar {
[info]     ^ (liba.vpr@9.5))
[info]   at scala.sys.package$.error(package.scala:26)
[info]   at FullSilverTests.toTranslate(FullSilverTests.scala:102)
[info]   at FullSilverTests.$anonfun$testAFile$3(FullSilverTests.scala:61)
[info]   at scala.runtime.java8.JFunction0$mcV$sp.apply(JFunction0$mcV$sp.java:12)
[info]   at org.scalatest.OutcomeOf.outcomeOf(OutcomeOf.scala:85)
[info]   at org.scalatest.OutcomeOf.outcomeOf$(OutcomeOf.scala:83)
[info]   at org.scalatest.OutcomeOf$.outcomeOf(OutcomeOf.scala:104)
[info]   at org.scalatest.Transformer.apply(Transformer.scala:22)
[info]   at org.scalatest.Transformer.apply(Transformer.scala:20)
[info]   at org.scalatest.FunSuiteLike$$anon$1.apply(FunSuiteLike.scala:186)
[info]   ...
[info] - testing all/import/issue203/main.vpr *** FAILED ***
[info]   java.lang.RuntimeException: Error occurred during Parsing List(Parse error: Expected found ")\n", expected invalid identifier (could be a keyword) | domainFunctionDecl | axiomDecl | "}" at index 288
[info] )
[info] ^ (libB.vpr@15.1))
[info]   at scala.sys.package$.error(package.scala:26)
[info]   at FullSilverTests.toTranslate(FullSilverTests.scala:102)
[info]   at FullSilverTests.$anonfun$testAFile$3(FullSilverTests.scala:61)
[info]   at scala.runtime.java8.JFunction0$mcV$sp.apply(JFunction0$mcV$sp.java:12)
[info]   at org.scalatest.OutcomeOf.outcomeOf(OutcomeOf.scala:85)
[info]   at org.scalatest.OutcomeOf.outcomeOf$(OutcomeOf.scala:83)
[info]   at org.scalatest.OutcomeOf$.outcomeOf(OutcomeOf.scala:104)
[info]   at org.scalatest.Transformer.apply(Transformer.scala:22)
[info]   at org.scalatest.Transformer.apply(Transformer.scala:20)
[info]   at org.scalatest.FunSuiteLike$$anon$1.apply(FunSuiteLike.scala:186)
[info]   ...
[info] - testing all/import/issue203/sub/libA.vpr *** FAILED ***
[info]   java.lang.RuntimeException: Error occurred during Parsing List(Parse error: Expected found ")\n", expected invalid identifier (could be a keyword) | domainFunctionDecl | axiomDecl | "}" at index 288
[info] )
[info] ^ (libB.vpr@15.1))
[info]   at scala.sys.package$.error(package.scala:26)
[info]   at FullSilverTests.toTranslate(FullSilverTests.scala:102)
[info]   at FullSilverTests.$anonfun$testAFile$3(FullSilverTests.scala:61)
[info]   at scala.runtime.java8.JFunction0$mcV$sp.apply(JFunction0$mcV$sp.java:12)
[info]   at org.scalatest.OutcomeOf.outcomeOf(OutcomeOf.scala:85)
[info]   at org.scalatest.OutcomeOf.outcomeOf$(OutcomeOf.scala:83)
[info]   at org.scalatest.OutcomeOf$.outcomeOf(OutcomeOf.scala:104)
[info]   at org.scalatest.Transformer.apply(Transformer.scala:22)
[info]   at org.scalatest.Transformer.apply(Transformer.scala:20)
[info]   at org.scalatest.FunSuiteLike$$anon$1.apply(FunSuiteLike.scala:186)
[info]   ...
[info] - testing all/import/issue203/sub/libB.vpr
[info] - testing all/import/loop/liba.vpr *** FAILED ***
[info]   shouldFail was true
[info]   all/import/loop/liba.vpr should fail, but didn't (FullSilverTests.scala:96)
[info] - testing all/import/loop/libb.vpr *** FAILED ***
[info]   shouldFail was true
[info]   all/import/loop/libb.vpr should fail, but didn't (FullSilverTests.scala:96)
[info] - testing all/import/loop/main.vpr *** FAILED ***
[info]   shouldFail was true
[info]   all/import/loop/main.vpr should fail, but didn't (FullSilverTests.scala:96)
[info] - testing all/import/standard_import/basic.vpr *** FAILED ***
[info]   shouldFail was true
[info]   all/import/standard_import/basic.vpr should fail, but didn't (FullSilverTests.scala:96)
[info] - testing all/import/standard_import/failing.vpr *** FAILED ***
[info]   java.lang.RuntimeException: Error occurred during Parsing List(Parse error: file <cpubquzspu\xvjpwyonmf\pmndfkmmqb.vpr> does not exist (failing.vpr@5.8))
[info]   at scala.sys.package$.error(package.scala:26)
[info]   at FullSilverTests.toTranslate(FullSilverTests.scala:102)
[info]   at FullSilverTests.$anonfun$testAFile$3(FullSilverTests.scala:61)
[info]   at scala.runtime.java8.JFunction0$mcV$sp.apply(JFunction0$mcV$sp.java:12)
[info]   at org.scalatest.OutcomeOf.outcomeOf(OutcomeOf.scala:85)
[info]   at org.scalatest.OutcomeOf.outcomeOf$(OutcomeOf.scala:83)
[info]   at org.scalatest.OutcomeOf$.outcomeOf(OutcomeOf.scala:104)
[info]   at org.scalatest.Transformer.apply(Transformer.scala:22)
[info]   at org.scalatest.Transformer.apply(Transformer.scala:20)
[info]   at org.scalatest.FunSuiteLike$$anon$1.apply(FunSuiteLike.scala:186)
[info]   ...
[info] - testing all/import/standard_import/local_and_standard.vpr
[info] - testing all/import/standard_import/local_then_standard.vpr
[info] - testing all/import/standard_import/loop_both.vpr *** FAILED ***
[info]   shouldFail was true
[info]   all/import/standard_import/loop_both.vpr should fail, but didn't (FullSilverTests.scala:96)
[info] - testing all/import/standard_import/loop_local.vpr *** FAILED ***
[info]   shouldFail was true
[info]   all/import/standard_import/loop_local.vpr should fail, but didn't (FullSilverTests.scala:96)
[info] - testing all/import/standard_import/loop_standard.vpr *** FAILED ***
[info]   shouldFail was true
[info]   all/import/standard_import/loop_standard.vpr should fail, but didn't (FullSilverTests.scala:96)
[info] - testing all/inhale_exhale/basic.vpr
[info] - testing all/inhale_exhale/disjunction.vpr *** FAILED ***
[info]   java.lang.RuntimeException: Error occurred during Parsing List(Parse error: Expected found "[false, true] || [tr", expected predicateInstance | strInteger.filter(viper.silver.parser.FastParser$$$Lambda$543/0x000000080054b040@1bb2e6e1) | booltrue | boolfalse | nul | old | result | unExp | fapp | typedFapp | "(" ~ exp ~ ")" | accessPred | unfolding | applying | idnuse | Fail at index 170
[info]   assert [false, true] || [tr
[info]          ^ (disjunction.vpr@6.10))
[info]   at scala.sys.package$.error(package.scala:26)
[info]   at FullSilverTests.toTranslate(FullSilverTests.scala:102)
[info]   at FullSilverTests.$anonfun$testAFile$3(FullSilverTests.scala:61)
[info]   at scala.runtime.java8.JFunction0$mcV$sp.apply(JFunction0$mcV$sp.java:12)
[info]   at org.scalatest.OutcomeOf.outcomeOf(OutcomeOf.scala:85)
[info]   at org.scalatest.OutcomeOf.outcomeOf$(OutcomeOf.scala:83)
[info]   at org.scalatest.OutcomeOf$.outcomeOf(OutcomeOf.scala:104)
[info]   at org.scalatest.Transformer.apply(Transformer.scala:22)
[info]   at org.scalatest.Transformer.apply(Transformer.scala:20)
[info]   at org.scalatest.FunSuiteLike$$anon$1.apply(FunSuiteLike.scala:186)
[info]   ...
[info] - testing all/inhale_exhale/functions.vpr
[info] - testing all/inhale_exhale/function_wellformedness.vpr
[info] - testing all/inhale_exhale/loops.vpr
[info] - testing all/inhale_exhale/permissions.vpr
[info] - testing all/inhale_exhale/pure_expressions.vpr
[info] - testing all/inhale_exhale/wellformedness.vpr
[info] - testing all/invariants/loops1.vpr
[info] - testing all/invariants/loops2.vpr
[info] - testing all/invariants/while1.vpr
[info] - testing all/invariants/while2.vpr
[info] - testing all/invariants/while3.vpr
[info] - testing all/issues/carbon/0002.vpr *** FAILED ***
[info]   java.lang.RuntimeException: Error occurred during Parsing List(Parse error: Expected found "Seq[Int]\r\n", expected invalid identifier (could be a keyword) | "Rational" ~ !(CharIn("0123456789ABCDEFGHIJKLMNOPQRSTUVWXYZabcdefghijklmnopqrstuvwxyz$_")) | StringIn("Int", "Bool", "Perm", "Ref") ~ !(CharIn("0123456789ABCDEFGHIJKLMNOPQRSTUVWXYZabcdefghijklmnopqrstuvwxyz$_")) at index 122
[info] field keys : Seq[Int]
[info]              ^ (0002.vpr@4.14))
[info]   at scala.sys.package$.error(package.scala:26)
[info]   at FullSilverTests.toTranslate(FullSilverTests.scala:102)
[info]   at FullSilverTests.$anonfun$testAFile$3(FullSilverTests.scala:61)
[info]   at scala.runtime.java8.JFunction0$mcV$sp.apply(JFunction0$mcV$sp.java:12)
[info]   at org.scalatest.OutcomeOf.outcomeOf(OutcomeOf.scala:85)
[info]   at org.scalatest.OutcomeOf.outcomeOf$(OutcomeOf.scala:83)
[info]   at org.scalatest.OutcomeOf$.outcomeOf(OutcomeOf.scala:104)
[info]   at org.scalatest.Transformer.apply(Transformer.scala:22)
[info]   at org.scalatest.Transformer.apply(Transformer.scala:20)
[info]   at org.scalatest.FunSuiteLike$$anon$1.apply(FunSuiteLike.scala:186)
[info]   ...
[info] - testing all/issues/carbon/0004.vpr *** FAILED ***
[info]   java.lang.RuntimeException: Error occurred during Parsing List(Parse error: Expected found ", b ? (1/5) : none)\n", expected invalid identifier (could be a keyword) | "." | ")" at index 169
[info] 	requires acc(x.f, b ? (1/5) : none)
[info]                  ^ (0004.vpr@7.18))
[info]   at scala.sys.package$.error(package.scala:26)
[info]   at FullSilverTests.toTranslate(FullSilverTests.scala:102)
[info]   at FullSilverTests.$anonfun$testAFile$3(FullSilverTests.scala:61)
[info]   at scala.runtime.java8.JFunction0$mcV$sp.apply(JFunction0$mcV$sp.java:12)
[info]   at org.scalatest.OutcomeOf.outcomeOf(OutcomeOf.scala:85)
[info]   at org.scalatest.OutcomeOf.outcomeOf$(OutcomeOf.scala:83)
[info]   at org.scalatest.OutcomeOf$.outcomeOf(OutcomeOf.scala:104)
[info]   at org.scalatest.Transformer.apply(Transformer.scala:22)
[info]   at org.scalatest.Transformer.apply(Transformer.scala:20)
[info]   at org.scalatest.FunSuiteLike$$anon$1.apply(FunSuiteLike.scala:186)
[info]   ...
[info] - testing all/issues/carbon/0005.vpr *** FAILED ***
[info]   java.lang.RuntimeException: Error occurred during Parsing List(Parse error: Expected found ", none)\n{}\n", expected invalid identifier (could be a keyword) | "." | ")" at index 160
[info] 	requires acc(x.f, none)
[info]                  ^ (0005.vpr@7.18))
[info]   at scala.sys.package$.error(package.scala:26)
[info]   at FullSilverTests.toTranslate(FullSilverTests.scala:102)
[info]   at FullSilverTests.$anonfun$testAFile$3(FullSilverTests.scala:61)
[info]   at scala.runtime.java8.JFunction0$mcV$sp.apply(JFunction0$mcV$sp.java:12)
[info]   at org.scalatest.OutcomeOf.outcomeOf(OutcomeOf.scala:85)
[info]   at org.scalatest.OutcomeOf.outcomeOf$(OutcomeOf.scala:83)
[info]   at org.scalatest.OutcomeOf$.outcomeOf(OutcomeOf.scala:104)
[info]   at org.scalatest.Transformer.apply(Transformer.scala:22)
[info]   at org.scalatest.Transformer.apply(Transformer.scala:20)
[info]   at org.scalatest.FunSuiteLike$$anon$1.apply(FunSuiteLike.scala:186)
[info]   ...
[info] - testing all/issues/carbon/0006.vpr
[info] - testing all/issues/carbon/0008.vpr
[info] - testing all/issues/carbon/0012.vpr
[info] - testing all/issues/carbon/0030.vpr
[info] - testing all/issues/carbon/0042.vpr
[info] - testing all/issues/carbon/0045.vpr *** FAILED ***
[info]   shouldFail was true
[info]   all/issues/carbon/0045.vpr should fail, but didn't (FullSilverTests.scala:96)
[info] - testing all/issues/carbon/0049.vpr
[info] - testing all/issues/carbon/0052.vpr
[info] - testing all/issues/carbon/0053.vpr *** FAILED ***
[info]   java.lang.RuntimeException: Error occurred during Parsing List(Parse error: Expected found "> none\n  requires wr", expected Fail | preambleImport | defineDecl | domainDecl | fieldDecl | functionDecl | predicateDecl | methodDecl | Fail | End at index 308
[info]   requires k$ > none
[info]               ^ (0053.vpr@13.15))
[info]   at scala.sys.package$.error(package.scala:26)
[info]   at FullSilverTests.toTranslate(FullSilverTests.scala:102)
[info]   at FullSilverTests.$anonfun$testAFile$3(FullSilverTests.scala:61)
[info]   at scala.runtime.java8.JFunction0$mcV$sp.apply(JFunction0$mcV$sp.java:12)
[info]   at org.scalatest.OutcomeOf.outcomeOf(OutcomeOf.scala:85)
[info]   at org.scalatest.OutcomeOf.outcomeOf$(OutcomeOf.scala:83)
[info]   at org.scalatest.OutcomeOf$.outcomeOf(OutcomeOf.scala:104)
[info]   at org.scalatest.Transformer.apply(Transformer.scala:22)
[info]   at org.scalatest.Transformer.apply(Transformer.scala:20)
[info]   at org.scalatest.FunSuiteLike$$anon$1.apply(FunSuiteLike.scala:186)
[info]   ...
[info] - testing all/issues/carbon/0054.vpr *** FAILED ***
[info]   java.lang.RuntimeException: Error occurred during Parsing List(Parse error: Expected found ", wildcard)\n{\n  unfo", expected invalid identifier (could be a keyword) | "." | ")" at index 410
[info]   ensures acc(this.f, wildcard)
[info]                     ^ (0054.vpr@16.21))
[info]   at scala.sys.package$.error(package.scala:26)
[info]   at FullSilverTests.toTranslate(FullSilverTests.scala:102)
[info]   at FullSilverTests.$anonfun$testAFile$3(FullSilverTests.scala:61)
[info]   at scala.runtime.java8.JFunction0$mcV$sp.apply(JFunction0$mcV$sp.java:12)
[info]   at org.scalatest.OutcomeOf.outcomeOf(OutcomeOf.scala:85)
[info]   at org.scalatest.OutcomeOf.outcomeOf$(OutcomeOf.scala:83)
[info]   at org.scalatest.OutcomeOf$.outcomeOf(OutcomeOf.scala:104)
[info]   at org.scalatest.Transformer.apply(Transformer.scala:22)
[info]   at org.scalatest.Transformer.apply(Transformer.scala:20)
[info]   at org.scalatest.FunSuiteLike$$anon$1.apply(FunSuiteLike.scala:186)
[info]   ...
[info] - testing all/issues/carbon/0055.vpr
[info] - testing all/issues/carbon/0056.vpr
[info] - testing all/issues/carbon/0059-1.vpr
[info] - testing all/issues/carbon/0059-2.vpr
[info] - testing all/issues/carbon/0059-3.vpr
[info] - testing all/issues/carbon/0059.vpr
[info] - testing all/issues/carbon/0060.vpr *** FAILED ***
[info]   java.lang.RuntimeException: Error occurred during Parsing List(Parse error: Expected found "00 / 100)\n\n  unfold ", expected invalid identifier (could be a keyword) | ")" at index 411
[info] sert acc(ZZ(this), 100 / 100)
[info]                     ^ (0060.vpr@20.25))
[info]   at scala.sys.package$.error(package.scala:26)
[info]   at FullSilverTests.toTranslate(FullSilverTests.scala:102)
[info]   at FullSilverTests.$anonfun$testAFile$3(FullSilverTests.scala:61)
[info]   at scala.runtime.java8.JFunction0$mcV$sp.apply(JFunction0$mcV$sp.java:12)
[info]   at org.scalatest.OutcomeOf.outcomeOf(OutcomeOf.scala:85)
[info]   at org.scalatest.OutcomeOf.outcomeOf$(OutcomeOf.scala:83)
[info]   at org.scalatest.OutcomeOf$.outcomeOf(OutcomeOf.scala:104)
[info]   at org.scalatest.Transformer.apply(Transformer.scala:22)
[info]   at org.scalatest.Transformer.apply(Transformer.scala:20)
[info]   at org.scalatest.FunSuiteLike$$anon$1.apply(FunSuiteLike.scala:186)
[info]   ...
[info] - testing all/issues/carbon/0061.vpr
[info] - testing all/issues/carbon/0063-1.vpr
[info] - testing all/issues/carbon/0063.vpr
[info] - testing all/issues/carbon/0064.vpr
[info] - testing all/issues/carbon/0065.vpr *** FAILED ***
[info]   java.lang.RuntimeException: Error occurred during Parsing List(Parse error: Expected found "[false, true] && [fa", expected predicateInstance | strInteger.filter(viper.silver.parser.FastParser$$$Lambda$543/0x000000080054b040@1bb2e6e1) | booltrue | boolfalse | nul | old | result | unExp | fapp | typedFapp | "(" ~ exp ~ ")" | accessPred | unfolding | applying | idnuse | Fail at index 223
[info]   assert [false, true] && [fa
[info]          ^ (0065.vpr@9.10))
[info]   at scala.sys.package$.error(package.scala:26)
[info]   at FullSilverTests.toTranslate(FullSilverTests.scala:102)
[info]   at FullSilverTests.$anonfun$testAFile$3(FullSilverTests.scala:61)
[info]   at scala.runtime.java8.JFunction0$mcV$sp.apply(JFunction0$mcV$sp.java:12)
[info]   at org.scalatest.OutcomeOf.outcomeOf(OutcomeOf.scala:85)
[info]   at org.scalatest.OutcomeOf.outcomeOf$(OutcomeOf.scala:83)
[info]   at org.scalatest.OutcomeOf$.outcomeOf(OutcomeOf.scala:104)
[info]   at org.scalatest.Transformer.apply(Transformer.scala:22)
[info]   at org.scalatest.Transformer.apply(Transformer.scala:20)
[info]   at org.scalatest.FunSuiteLike$$anon$1.apply(FunSuiteLike.scala:186)
[info]   ...
[info] - testing all/issues/carbon/0066.vpr
[info] - testing all/issues/carbon/0067.vpr
[info] - testing all/issues/carbon/0069.vpr *** FAILED ***
[info]   shouldFail was true
[info]   all/issues/carbon/0069.vpr should fail, but didn't (FullSilverTests.scala:96)
[info] - testing all/issues/carbon/0070.vpr
[info] - testing all/issues/carbon/0072.vpr
[info] - testing all/issues/carbon/0073.vpr
[info] - testing all/issues/carbon/0074.vpr
[info] - testing all/issues/carbon/0076.vpr
[info] - testing all/issues/carbon/0080.vpr
[info] - testing all/issues/carbon/0081.vpr *** FAILED ***
[info]   java.lang.RuntimeException: Error occurred during Parsing List(Parse error: Expected found "perm(a.f) == none /*", expected predicateInstance | strInteger.filter(viper.silver.parser.FastParser$$$Lambda$543/0x000000080054b040@1bb2e6e1) | booltrue | boolfalse | nul | old | result | unExp | fapp | typedFapp | "(" ~ exp ~ ")" | accessPred | unfolding | applying | idnuse | Fail at index 298
[info]     assert perm(a.f) == none /*
[info]            ^ (0081.vpr@15.12))
[info]   at scala.sys.package$.error(package.scala:26)
[info]   at FullSilverTests.toTranslate(FullSilverTests.scala:102)
[info]   at FullSilverTests.$anonfun$testAFile$3(FullSilverTests.scala:61)
[info]   at scala.runtime.java8.JFunction0$mcV$sp.apply(JFunction0$mcV$sp.java:12)
[info]   at org.scalatest.OutcomeOf.outcomeOf(OutcomeOf.scala:85)
[info]   at org.scalatest.OutcomeOf.outcomeOf$(OutcomeOf.scala:83)
[info]   at org.scalatest.OutcomeOf$.outcomeOf(OutcomeOf.scala:104)
[info]   at org.scalatest.Transformer.apply(Transformer.scala:22)
[info]   at org.scalatest.Transformer.apply(Transformer.scala:20)
[info]   at org.scalatest.FunSuiteLike$$anon$1.apply(FunSuiteLike.scala:186)
[info]   ...
[info] - testing all/issues/carbon/0082.vpr
[info] - testing all/issues/carbon/0092.vpr *** FAILED ***
[info]   java.lang.RuntimeException: Error occurred during Parsing List(Parse error: Expected found ", wildcard)\n}\n\nmetho", expected invalid identifier (could be a keyword) | "." | ")" at index 230
[info]   acc(this.x, wildcard)
[info]             ^ (0092.vpr@9.13))
[info]   at scala.sys.package$.error(package.scala:26)
[info]   at FullSilverTests.toTranslate(FullSilverTests.scala:102)
[info]   at FullSilverTests.$anonfun$testAFile$3(FullSilverTests.scala:61)
[info]   at scala.runtime.java8.JFunction0$mcV$sp.apply(JFunction0$mcV$sp.java:12)
[info]   at org.scalatest.OutcomeOf.outcomeOf(OutcomeOf.scala:85)
[info]   at org.scalatest.OutcomeOf.outcomeOf$(OutcomeOf.scala:83)
[info]   at org.scalatest.OutcomeOf$.outcomeOf(OutcomeOf.scala:104)
[info]   at org.scalatest.Transformer.apply(Transformer.scala:22)
[info]   at org.scalatest.Transformer.apply(Transformer.scala:20)
[info]   at org.scalatest.FunSuiteLike$$anon$1.apply(FunSuiteLike.scala:186)
[info]   ...
[info] - testing all/issues/carbon/0095.vpr
[info] - testing all/issues/carbon/0097.vpr
[info] - testing all/issues/carbon/0100.vpr
[info] - testing all/issues/carbon/0112.vpr
[info] - testing all/issues/carbon/0118.vpr
[info] - testing all/issues/carbon/0122.vpr
[info] - testing all/issues/carbon/0125.vpr
[info] - testing all/issues/carbon/0137.vpr
[info] - testing all/issues/carbon/0149.vpr
[info] - testing all/issues/carbon/0150.vpr *** FAILED ***
[info]   java.lang.RuntimeException: Error occurred during Parsing List(Parse error: Expected found "/ 10)\n}\n\nmethod call", expected invalid identifier (could be a keyword) | ")" at index 193
[info] self.Tree_height, 1 / 10)
[info]                     ^ (0150.vpr@7.27))
[info]   at scala.sys.package$.error(package.scala:26)
[info]   at FullSilverTests.toTranslate(FullSilverTests.scala:102)
[info]   at FullSilverTests.$anonfun$testAFile$3(FullSilverTests.scala:61)
[info]   at scala.runtime.java8.JFunction0$mcV$sp.apply(JFunction0$mcV$sp.java:12)
[info]   at org.scalatest.OutcomeOf.outcomeOf(OutcomeOf.scala:85)
[info]   at org.scalatest.OutcomeOf.outcomeOf$(OutcomeOf.scala:83)
[info]   at org.scalatest.OutcomeOf$.outcomeOf(OutcomeOf.scala:104)
[info]   at org.scalatest.Transformer.apply(Transformer.scala:22)
[info]   at org.scalatest.Transformer.apply(Transformer.scala:20)
[info]   at org.scalatest.FunSuiteLike$$anon$1.apply(FunSuiteLike.scala:186)
[info]   ...
[info] - testing all/issues/carbon/0151.vpr
[info] - testing all/issues/carbon/0157.vpr
[info] - testing all/issues/carbon/0160.vpr
[info] - testing all/issues/carbon/0165.vpr
[info] - testing all/issues/carbon/0170.vpr
[info] - testing all/issues/carbon/0172.vpr *** FAILED ***
[info]   shouldFail was true
[info]   all/issues/carbon/0172.vpr should fail, but didn't (FullSilverTests.scala:96)
[info] - testing all/issues/carbon/0173.vpr *** FAILED ***
[info]   shouldFail was true
[info]   all/issues/carbon/0173.vpr should fail, but didn't (FullSilverTests.scala:96)
[info] - testing all/issues/carbon/0177.vpr
[info] - testing all/issues/carbon/0178.vpr *** FAILED ***
[info]   java.lang.RuntimeException: Error occurred during Parsing List(Parse error: Expected found ", wset: Set[Ref]) {\r", expected invalid identifier (could be a keyword) | "/*" ~ (!(StringIn("*/")) ~ AnyChar).rep ~ "*/" | "//" ~ CharsWhile(viper.silver.parser.FastParser$$$Lambda$333/0x000000080046e840@3221d7f9).? ~ ("\n" | End) | " " | "\t" | "\n" | "\r" | ")" at index 161
[info] e__isolated(ref: Ref, wset: Set[Ref]) {
[info]                     ^ (0178.vpr@6.34))
[info]   at scala.sys.package$.error(package.scala:26)
[info]   at FullSilverTests.toTranslate(FullSilverTests.scala:102)
[info]   at FullSilverTests.$anonfun$testAFile$3(FullSilverTests.scala:61)
[info]   at scala.runtime.java8.JFunction0$mcV$sp.apply(JFunction0$mcV$sp.java:12)
[info]   at org.scalatest.OutcomeOf.outcomeOf(OutcomeOf.scala:85)
[info]   at org.scalatest.OutcomeOf.outcomeOf$(OutcomeOf.scala:83)
[info]   at org.scalatest.OutcomeOf$.outcomeOf(OutcomeOf.scala:104)
[info]   at org.scalatest.Transformer.apply(Transformer.scala:22)
[info]   at org.scalatest.Transformer.apply(Transformer.scala:20)
[info]   at org.scalatest.FunSuiteLike$$anon$1.apply(FunSuiteLike.scala:186)
[info]   ...
[info] - testing all/issues/carbon/0179.vpr
[info] - testing all/issues/carbon/0181.vpr
[info] - testing all/issues/carbon/0188.vpr
[info] - testing all/issues/carbon/0192.vpr
[info] - testing all/issues/carbon/0195.vpr
[info] - testing all/issues/carbon/0196.vpr
[info] - testing all/issues/carbon/0200.vpr
[info] - testing all/issues/carbon/0202.vpr
[info] - testing all/issues/carbon/0203.vpr
[info] - testing all/issues/carbon/0204.vpr *** FAILED ***
[info]   java.lang.RuntimeException: Error occurred during Parsing List(Parse error: Expected found "s: Seq[Ref])\r\n    en", expected invalid identifier (could be a keyword) | "/*" ~ (!(StringIn("*/")) ~ AnyChar).rep ~ "*/" | "//" ~ CharsWhile(viper.silver.parser.FastParser$$$Lambda$333/0x000000080046e840@3221d7f9).? ~ ("\n" | End) | " " | "\t" | "\n" | "\r" | ")" at index 191
[info] method foo(s: Seq[Ref])
[info]            ^ (0204.vpr@10.12))
[info]   at scala.sys.package$.error(package.scala:26)
[info]   at FullSilverTests.toTranslate(FullSilverTests.scala:102)
[info]   at FullSilverTests.$anonfun$testAFile$3(FullSilverTests.scala:61)
[info]   at scala.runtime.java8.JFunction0$mcV$sp.apply(JFunction0$mcV$sp.java:12)
[info]   at org.scalatest.OutcomeOf.outcomeOf(OutcomeOf.scala:85)
[info]   at org.scalatest.OutcomeOf.outcomeOf$(OutcomeOf.scala:83)
[info]   at org.scalatest.OutcomeOf$.outcomeOf(OutcomeOf.scala:104)
[info]   at org.scalatest.Transformer.apply(Transformer.scala:22)
[info]   at org.scalatest.Transformer.apply(Transformer.scala:20)
[info]   at org.scalatest.FunSuiteLike$$anon$1.apply(FunSuiteLike.scala:186)
[info]   ...
[info] - testing all/issues/carbon/0206.vpr
[info] - testing all/issues/carbon/0207.vpr
[info] - testing all/issues/carbon/0209.vpr
[info] - testing all/issues/carbon/0210.vpr
[info] - testing all/issues/carbon/0211.vpr
[info] - testing all/issues/carbon/0213.vpr *** FAILED ***
[info]   java.lang.RuntimeException: Error occurred during Parsing List(Parse error: Expected found "perm(r.next) == none", expected predicateInstance | strInteger.filter(viper.silver.parser.FastParser$$$Lambda$543/0x000000080054b040@1bb2e6e1) | booltrue | boolfalse | nul | old | result | unExp | fapp | typedFapp | "(" ~ exp ~ ")" | accessPred | unfolding | applying | idnuse | Fail at index 224
[info]       assert perm(r.next) == none
[info]              ^ (0213.vpr@13.14))
[info]   at scala.sys.package$.error(package.scala:26)
[info]   at FullSilverTests.toTranslate(FullSilverTests.scala:102)
[info]   at FullSilverTests.$anonfun$testAFile$3(FullSilverTests.scala:61)
[info]   at scala.runtime.java8.JFunction0$mcV$sp.apply(JFunction0$mcV$sp.java:12)
[info]   at org.scalatest.OutcomeOf.outcomeOf(OutcomeOf.scala:85)
[info]   at org.scalatest.OutcomeOf.outcomeOf$(OutcomeOf.scala:83)
[info]   at org.scalatest.OutcomeOf$.outcomeOf(OutcomeOf.scala:104)
[info]   at org.scalatest.Transformer.apply(Transformer.scala:22)
[info]   at org.scalatest.Transformer.apply(Transformer.scala:20)
[info]   at org.scalatest.FunSuiteLike$$anon$1.apply(FunSuiteLike.scala:186)
[info]   ...
[info] - testing all/issues/carbon/0219.vpr
[info] - testing all/issues/carbon/0221.vpr
[info] - testing all/issues/carbon/0222.vpr
[info] - testing all/issues/carbon/0223.vpr
[info] - testing all/issues/carbon/0236.vpr
[info] - testing all/issues/carbon/0237.vpr *** FAILED ***
[info]   java.lang.RuntimeException: Error occurred during Parsing List(Parse error: Expected found "b: Set[Ref]) {\r\n  fo", expected invalid identifier (could be a keyword) | "/*" ~ (!(StringIn("*/")) ~ AnyChar).rep ~ "*/" | "//" ~ CharsWhile(viper.silver.parser.FastParser$$$Lambda$333/0x000000080046e840@3221d7f9).? ~ ("\n" | End) | " " | "\t" | "\n" | "\r" | ")" at index 137
[info] predicate P(b: Set[Ref]) {
[info]             ^ (0237.vpr@6.13))
[info]   at scala.sys.package$.error(package.scala:26)
[info]   at FullSilverTests.toTranslate(FullSilverTests.scala:102)
[info]   at FullSilverTests.$anonfun$testAFile$3(FullSilverTests.scala:61)
[info]   at scala.runtime.java8.JFunction0$mcV$sp.apply(JFunction0$mcV$sp.java:12)
[info]   at org.scalatest.OutcomeOf.outcomeOf(OutcomeOf.scala:85)
[info]   at org.scalatest.OutcomeOf.outcomeOf$(OutcomeOf.scala:83)
[info]   at org.scalatest.OutcomeOf$.outcomeOf(OutcomeOf.scala:104)
[info]   at org.scalatest.Transformer.apply(Transformer.scala:22)
[info]   at org.scalatest.Transformer.apply(Transformer.scala:20)
[info]   at org.scalatest.FunSuiteLike$$anon$1.apply(FunSuiteLike.scala:186)
[info]   ...
[info] - testing all/issues/carbon/0238.vpr
[info] - testing all/issues/carbon/0239.vpr
[info] - testing all/issues/carbon/0240.vpr
[info] - testing all/issues/carbon/0241.vpr
[info] - testing all/issues/carbon/0251.vpr *** FAILED ***
[info]   java.lang.RuntimeException: Error occurred during Parsing List(Parse error: Expected found "r2 == (r) in (acc(r2", expected Fail | preambleImport | defineDecl | domainDecl | fieldDecl | functionDecl | predicateDecl | methodDecl | Fail | End at index 155
[info]  requires let r2 == (r) in (acc(r2
[info]               ^ (0251.vpr@7.15))
[info]   at scala.sys.package$.error(package.scala:26)
[info]   at FullSilverTests.toTranslate(FullSilverTests.scala:102)
[info]   at FullSilverTests.$anonfun$testAFile$3(FullSilverTests.scala:61)
[info]   at scala.runtime.java8.JFunction0$mcV$sp.apply(JFunction0$mcV$sp.java:12)
[info]   at org.scalatest.OutcomeOf.outcomeOf(OutcomeOf.scala:85)
[info]   at org.scalatest.OutcomeOf.outcomeOf$(OutcomeOf.scala:83)
[info]   at org.scalatest.OutcomeOf$.outcomeOf(OutcomeOf.scala:104)
[info]   at org.scalatest.Transformer.apply(Transformer.scala:22)
[info]   at org.scalatest.Transformer.apply(Transformer.scala:20)
[info]   at org.scalatest.FunSuiteLike$$anon$1.apply(FunSuiteLike.scala:186)
[info]   ...
[info] - testing all/issues/carbon/0259.vpr *** FAILED ***
[info]   java.lang.RuntimeException: Error occurred during Parsing List(Parse error: Expected found "/2) && acc(P(y), 1/2", expected invalid identifier (could be a keyword) | ")" at index 424
[info] nvariant acc(P(x), 1/2) && acc(P(y), 1/2
[info]                     ^ (0259.vpr@15.30))
[info]   at scala.sys.package$.error(package.scala:26)
[info]   at FullSilverTests.toTranslate(FullSilverTests.scala:102)
[info]   at FullSilverTests.$anonfun$testAFile$3(FullSilverTests.scala:61)
[info]   at scala.runtime.java8.JFunction0$mcV$sp.apply(JFunction0$mcV$sp.java:12)
[info]   at org.scalatest.OutcomeOf.outcomeOf(OutcomeOf.scala:85)
[info]   at org.scalatest.OutcomeOf.outcomeOf$(OutcomeOf.scala:83)
[info]   at org.scalatest.OutcomeOf$.outcomeOf(OutcomeOf.scala:104)
[info]   at org.scalatest.Transformer.apply(Transformer.scala:22)
[info]   at org.scalatest.Transformer.apply(Transformer.scala:20)
[info]   at org.scalatest.FunSuiteLike$$anon$1.apply(FunSuiteLike.scala:186)
[info]   ...
[info] - testing all/issues/carbon/0262.vpr
[info] - testing all/issues/carbon/0264.vpr
[info] - testing all/issues/carbon/0265.vpr
[info] - testing all/issues/carbon/0271.vpr
[info] - testing all/issues/carbon/0274.vpr
[info] - testing all/issues/carbon/0279.vpr *** FAILED ***
[info]   java.lang.RuntimeException: Error occurred during Parsing List(Parse error: Expected found "i: Int :: i == 0 ==>", expected Fail | preambleImport | defineDecl | domainDecl | fieldDecl | functionDecl | predicateDecl | methodDecl | Fail | End at index 197
[info]   requires forall i: Int :: i == 0 ==>
[info]                   ^ (0279.vpr@9.19))
[info]   at scala.sys.package$.error(package.scala:26)
[info]   at FullSilverTests.toTranslate(FullSilverTests.scala:102)
[info]   at FullSilverTests.$anonfun$testAFile$3(FullSilverTests.scala:61)
[info]   at scala.runtime.java8.JFunction0$mcV$sp.apply(JFunction0$mcV$sp.java:12)
[info]   at org.scalatest.OutcomeOf.outcomeOf(OutcomeOf.scala:85)
[info]   at org.scalatest.OutcomeOf.outcomeOf$(OutcomeOf.scala:83)
[info]   at org.scalatest.OutcomeOf$.outcomeOf(OutcomeOf.scala:104)
[info]   at org.scalatest.Transformer.apply(Transformer.scala:22)
[info]   at org.scalatest.Transformer.apply(Transformer.scala:20)
[info]   at org.scalatest.FunSuiteLike$$anon$1.apply(FunSuiteLike.scala:186)
[info]   ...
[info] - testing all/issues/carbon/0282.vpr
[info] - testing all/issues/carbon/0349.vpr *** FAILED ***
[info]   java.lang.RuntimeException: Error occurred during Parsing List(Parse error: Expected found "s: Seq[Int])\r\n  requ", expected invalid identifier (could be a keyword) | "/*" ~ (!(StringIn("*/")) ~ AnyChar).rep ~ "*/" | "//" ~ CharsWhile(viper.silver.parser.FastParser$$$Lambda$333/0x000000080046e840@3221d7f9).? ~ ("\n" | End) | " " | "\t" | "\n" | "\r" | ")" at index 11
[info] method wow(s: Seq[Int])
[info]            ^ (0349.vpr@1.12))
[info]   at scala.sys.package$.error(package.scala:26)
[info]   at FullSilverTests.toTranslate(FullSilverTests.scala:102)
[info]   at FullSilverTests.$anonfun$testAFile$3(FullSilverTests.scala:61)
[info]   at scala.runtime.java8.JFunction0$mcV$sp.apply(JFunction0$mcV$sp.java:12)
[info]   at org.scalatest.OutcomeOf.outcomeOf(OutcomeOf.scala:85)
[info]   at org.scalatest.OutcomeOf.outcomeOf$(OutcomeOf.scala:83)
[info]   at org.scalatest.OutcomeOf$.outcomeOf(OutcomeOf.scala:104)
[info]   at org.scalatest.Transformer.apply(Transformer.scala:22)
[info]   at org.scalatest.Transformer.apply(Transformer.scala:20)
[info]   at org.scalatest.FunSuiteLike$$anon$1.apply(FunSuiteLike.scala:186)
[info]   ...
[info] - testing all/issues/silicon/0005a.vpr
[info] - testing all/issues/silicon/0005b.vpr
[info] - testing all/issues/silicon/0006.vpr *** FAILED ***
[info]   shouldFail was true
[info]   all/issues/silicon/0006.vpr should fail, but didn't (FullSilverTests.scala:96)
[info] - testing all/issues/silicon/0008.vpr *** FAILED ***
[info]   java.lang.RuntimeException: Error occurred during Parsing List(Parse error: Expected found ", k) && acc(y.f, k)\n", expected invalid identifier (could be a keyword) | "." | ")" at index 181
[info]   requires acc(x.f, k) && acc(y.f, k)
[info]                   ^ (0008.vpr@7.19))
[info]   at scala.sys.package$.error(package.scala:26)
[info]   at FullSilverTests.toTranslate(FullSilverTests.scala:102)
[info]   at FullSilverTests.$anonfun$testAFile$3(FullSilverTests.scala:61)
[info]   at scala.runtime.java8.JFunction0$mcV$sp.apply(JFunction0$mcV$sp.java:12)
[info]   at org.scalatest.OutcomeOf.outcomeOf(OutcomeOf.scala:85)
[info]   at org.scalatest.OutcomeOf.outcomeOf$(OutcomeOf.scala:83)
[info]   at org.scalatest.OutcomeOf$.outcomeOf(OutcomeOf.scala:104)
[info]   at org.scalatest.Transformer.apply(Transformer.scala:22)
[info]   at org.scalatest.Transformer.apply(Transformer.scala:20)
[info]   at org.scalatest.FunSuiteLike$$anon$1.apply(FunSuiteLike.scala:186)
[info]   ...
[info] - testing all/issues/silicon/0011.vpr *** FAILED ***
[info]   java.lang.RuntimeException: Error occurred during Parsing List(Parse error: Expected found "> none\n  requires ac", expected Fail | preambleImport | defineDecl | domainDecl | fieldDecl | functionDecl | predicateDecl | methodDecl | Fail | End at index 228
[info]   requires k > none
[info]              ^ (0011.vpr@10.14))
[info]   at scala.sys.package$.error(package.scala:26)
[info]   at FullSilverTests.toTranslate(FullSilverTests.scala:102)
[info]   at FullSilverTests.$anonfun$testAFile$3(FullSilverTests.scala:61)
[info]   at scala.runtime.java8.JFunction0$mcV$sp.apply(JFunction0$mcV$sp.java:12)
[info]   at org.scalatest.OutcomeOf.outcomeOf(OutcomeOf.scala:85)
[info]   at org.scalatest.OutcomeOf.outcomeOf$(OutcomeOf.scala:83)
[info]   at org.scalatest.OutcomeOf$.outcomeOf(OutcomeOf.scala:104)
[info]   at org.scalatest.Transformer.apply(Transformer.scala:22)
[info]   at org.scalatest.Transformer.apply(Transformer.scala:20)
[info]   at org.scalatest.FunSuiteLike$$anon$1.apply(FunSuiteLike.scala:186)
[info]   ...
[info] - testing all/issues/silicon/0030.vpr
[info] - testing all/issues/silicon/0033.vpr
[info] - testing all/issues/silicon/0034.vpr
[info] - testing all/issues/silicon/0037.vpr
[info] - testing all/issues/silicon/0039a.vpr
[info] - testing all/issues/silicon/0039b.vpr
[info] - testing all/issues/silicon/0041.vpr
[info] - testing all/issues/silicon/0042.vpr
[info] - testing all/issues/silicon/0043.vpr
[info] - testing all/issues/silicon/0045.vpr
[info] - testing all/issues/silicon/0046.vpr
[info] - testing all/issues/silicon/0047.vpr
[info] - testing all/issues/silicon/0053.vpr
[info] - testing all/issues/silicon/0054.vpr
[info] - testing all/issues/silicon/0057.vpr
[info] - testing all/issues/silicon/0072.vpr
[info] - testing all/issues/silicon/0075_AVLTree.nokeys.vpr *** FAILED ***
[info]   java.lang.RuntimeException: Error occurred during Parsing List(Parse error: Expected found "&& (this.root!=null ", expected "}" | invalid identifier (could be a keyword) | StringIn("+", "-") | "." | StringIn("*", "/", "\\", "%") at index 191
[info] 		&& (this.root!=null 
[info]   ^ (0075_AVLTree.nokeys.vpr@8.3))
[info]   at scala.sys.package$.error(package.scala:26)
[info]   at FullSilverTests.toTranslate(FullSilverTests.scala:102)
[info]   at FullSilverTests.$anonfun$testAFile$3(FullSilverTests.scala:61)
[info]   at scala.runtime.java8.JFunction0$mcV$sp.apply(JFunction0$mcV$sp.java:12)
[info]   at org.scalatest.OutcomeOf.outcomeOf(OutcomeOf.scala:85)
[info]   at org.scalatest.OutcomeOf.outcomeOf$(OutcomeOf.scala:83)
[info]   at org.scalatest.OutcomeOf$.outcomeOf(OutcomeOf.scala:104)
[info]   at org.scalatest.Transformer.apply(Transformer.scala:22)
[info]   at org.scalatest.Transformer.apply(Transformer.scala:20)
[info]   at org.scalatest.FunSuiteLike$$anon$1.apply(FunSuiteLike.scala:186)
[info]   ...
[info] - testing all/issues/silicon/0083.vpr
[info] - testing all/issues/silicon/0084.vpr *** FAILED ***
[info]   java.lang.RuntimeException: Error occurred during Parsing List(Parse error: Expected found "/2) }\r\n\r\nmethod test", expected invalid identifier (could be a keyword) | ")" at index 165
[info] Ref) { acc(this.f, 1/2) }
[info]                     ^ (0084.vpr@6.41))
[info]   at scala.sys.package$.error(package.scala:26)
[info]   at FullSilverTests.toTranslate(FullSilverTests.scala:102)
[info]   at FullSilverTests.$anonfun$testAFile$3(FullSilverTests.scala:61)
[info]   at scala.runtime.java8.JFunction0$mcV$sp.apply(JFunction0$mcV$sp.java:12)
[info]   at org.scalatest.OutcomeOf.outcomeOf(OutcomeOf.scala:85)
[info]   at org.scalatest.OutcomeOf.outcomeOf$(OutcomeOf.scala:83)
[info]   at org.scalatest.OutcomeOf$.outcomeOf(OutcomeOf.scala:104)
[info]   at org.scalatest.Transformer.apply(Transformer.scala:22)
[info]   at org.scalatest.Transformer.apply(Transformer.scala:20)
[info]   at org.scalatest.FunSuiteLike$$anon$1.apply(FunSuiteLike.scala:186)
[info]   ...
[info] - testing all/issues/silicon/0087.vpr
[info] - testing all/issues/silicon/0088.vpr
[info] - testing all/issues/silicon/0091.vpr
[info] - testing all/issues/silicon/0092.vpr
[info] - testing all/issues/silicon/0094.vpr
[info] - testing all/issues/silicon/0097.vpr
[info] - testing all/issues/silicon/0110.vpr
[info] - testing all/issues/silicon/0112.vpr
[info] - testing all/issues/silicon/0113.vpr
[info] - testing all/issues/silicon/0114.vpr
[info] - testing all/issues/silicon/0117.vpr *** FAILED ***
[info]   shouldFail was true
[info]   all/issues/silicon/0117.vpr should fail, but didn't (FullSilverTests.scala:96)
[info] - testing all/issues/silicon/0118-reduced.vpr *** FAILED ***
[info]   shouldFail was true
[info]   all/issues/silicon/0118-reduced.vpr should fail, but didn't (FullSilverTests.scala:96)
[info] - testing all/issues/silicon/0118.vpr
[info] - testing all/issues/silicon/0119.vpr
[info] - testing all/issues/silicon/0120a.vpr
[info] - testing all/issues/silicon/0120b.vpr
[info] - testing all/issues/silicon/0127.vpr
[info] - testing all/issues/silicon/0134.vpr *** FAILED ***
[info]   java.lang.RuntimeException: Error occurred during Parsing List(Parse error: Expected found ", wildcard)\r\n  requi", expected invalid identifier (could be a keyword) | "." | ")" at index 242
[info] requires acc(t1.next, wildcard)
[info]                     ^ (0134.vpr@10.23))
[info]   at scala.sys.package$.error(package.scala:26)
[info]   at FullSilverTests.toTranslate(FullSilverTests.scala:102)
[info]   at FullSilverTests.$anonfun$testAFile$3(FullSilverTests.scala:61)
[info]   at scala.runtime.java8.JFunction0$mcV$sp.apply(JFunction0$mcV$sp.java:12)
[info]   at org.scalatest.OutcomeOf.outcomeOf(OutcomeOf.scala:85)
[info]   at org.scalatest.OutcomeOf.outcomeOf$(OutcomeOf.scala:83)
[info]   at org.scalatest.OutcomeOf$.outcomeOf(OutcomeOf.scala:104)
[info]   at org.scalatest.Transformer.apply(Transformer.scala:22)
[info]   at org.scalatest.Transformer.apply(Transformer.scala:20)
[info]   at org.scalatest.FunSuiteLike$$anon$1.apply(FunSuiteLike.scala:186)
[info]   ...
[info] - testing all/issues/silicon/0135.vpr
[info] - testing all/issues/silicon/0138.vpr
[info] - testing all/issues/silicon/0144.vpr
[info] - testing all/issues/silicon/0146.vpr
[info] - testing all/issues/silicon/0152.vpr
[info] - testing all/issues/silicon/0153.vpr
[info] - testing all/issues/silicon/0154-1.vpr
[info] - testing all/issues/silicon/0154.vpr
[info] - testing all/issues/silicon/0155.vpr
[info] - testing all/issues/silicon/0157-1.vpr
[info] - testing all/issues/silicon/0157.vpr *** FAILED ***
[info]   java.lang.RuntimeException: Error occurred during Parsing List(Parse error: Expected found "/2) && x.f != null &", expected invalid identifier (could be a keyword) | ")" at index 543
[info]  requires acc(x.f, 1/2) && x.f != null &
[info]                     ^ (0157.vpr@22.22))
[info]   at scala.sys.package$.error(package.scala:26)
[info]   at FullSilverTests.toTranslate(FullSilverTests.scala:102)
[info]   at FullSilverTests.$anonfun$testAFile$3(FullSilverTests.scala:61)
[info]   at scala.runtime.java8.JFunction0$mcV$sp.apply(JFunction0$mcV$sp.java:12)
[info]   at org.scalatest.OutcomeOf.outcomeOf(OutcomeOf.scala:85)
[info]   at org.scalatest.OutcomeOf.outcomeOf$(OutcomeOf.scala:83)
[info]   at org.scalatest.OutcomeOf$.outcomeOf(OutcomeOf.scala:104)
[info]   at org.scalatest.Transformer.apply(Transformer.scala:22)
[info]   at org.scalatest.Transformer.apply(Transformer.scala:20)
[info]   at org.scalatest.FunSuiteLike$$anon$1.apply(FunSuiteLike.scala:186)
[info]   ...
[info] - testing all/issues/silicon/0159.vpr
[info] - testing all/issues/silicon/0161.vpr *** FAILED ***
[info]   shouldFail was true
[info]   all/issues/silicon/0161.vpr should fail, but didn't (FullSilverTests.scala:96)
[info] - testing all/issues/silicon/0162.vpr *** FAILED ***
[info]   shouldFail was true
[info]   all/issues/silicon/0162.vpr should fail, but didn't (FullSilverTests.scala:96)
[info] - testing all/issues/silicon/0163.vpr
[info] - testing all/issues/silicon/0164.vpr
[info] - testing all/issues/silicon/0165.vpr
[info] - testing all/issues/silicon/0166.vpr *** FAILED ***
[info]   java.lang.RuntimeException: Error occurred during Parsing List(Parse error: Expected found "(forall i: Int :: (i", expected predicateInstance | strInteger.filter(viper.silver.parser.FastParser$$$Lambda$543/0x000000080054b040@1bb2e6e1) | booltrue | boolfalse | nul | old | result | unExp | fapp | typedFapp | "(" ~ exp ~ ")" | accessPred | unfolding | applying | idnuse | Fail at index 155
[info]   requires (forall i: Int :: (i
[info]            ^ (0166.vpr@5.12))
[info]   at scala.sys.package$.error(package.scala:26)
[info]   at FullSilverTests.toTranslate(FullSilverTests.scala:102)
[info]   at FullSilverTests.$anonfun$testAFile$3(FullSilverTests.scala:61)
[info]   at scala.runtime.java8.JFunction0$mcV$sp.apply(JFunction0$mcV$sp.java:12)
[info]   at org.scalatest.OutcomeOf.outcomeOf(OutcomeOf.scala:85)
[info]   at org.scalatest.OutcomeOf.outcomeOf$(OutcomeOf.scala:83)
[info]   at org.scalatest.OutcomeOf$.outcomeOf(OutcomeOf.scala:104)
[info]   at org.scalatest.Transformer.apply(Transformer.scala:22)
[info]   at org.scalatest.Transformer.apply(Transformer.scala:20)
[info]   at org.scalatest.FunSuiteLike$$anon$1.apply(FunSuiteLike.scala:186)
[info]   ...
[info] - testing all/issues/silicon/0167.vpr
[info] - testing all/issues/silicon/0171.vpr
[info] - testing all/issues/silicon/0172.vpr
[info] - testing all/issues/silicon/0183.vpr *** FAILED ***
[info]   java.lang.RuntimeException: Error occurred during Parsing List(Parse error: Expected found ", rd)\n}\n\nmethod foo_", expected invalid identifier (could be a keyword) | "." | ")" at index 180
[info]   acc(self.v, rd)
[info]             ^ (0183.vpr@7.13))
[info]   at scala.sys.package$.error(package.scala:26)
[info]   at FullSilverTests.toTranslate(FullSilverTests.scala:102)
[info]   at FullSilverTests.$anonfun$testAFile$3(FullSilverTests.scala:61)
[info]   at scala.runtime.java8.JFunction0$mcV$sp.apply(JFunction0$mcV$sp.java:12)
[info]   at org.scalatest.OutcomeOf.outcomeOf(OutcomeOf.scala:85)
[info]   at org.scalatest.OutcomeOf.outcomeOf$(OutcomeOf.scala:83)
[info]   at org.scalatest.OutcomeOf$.outcomeOf(OutcomeOf.scala:104)
[info]   at org.scalatest.Transformer.apply(Transformer.scala:22)
[info]   at org.scalatest.Transformer.apply(Transformer.scala:20)
[info]   at org.scalatest.FunSuiteLike$$anon$1.apply(FunSuiteLike.scala:186)
[info]   ...
[info] - testing all/issues/silicon/0186.vpr
[info] - testing all/issues/silicon/0195.vpr
[info] - testing all/issues/silicon/0197.vpr
[info] - testing all/issues/silicon/0199.vpr
[info] - testing all/issues/silicon/0200.vpr
[info] - testing all/issues/silicon/0203.vpr
[info] - testing all/issues/silicon/0207.vpr
[info] - testing all/issues/silicon/0209.vpr
[info] - testing all/issues/silicon/0210.vpr
[info] - testing all/issues/silicon/0213.vpr
[info] - testing all/issues/silicon/0215.vpr
[info] - testing all/issues/silicon/0216.vpr
[info] - testing all/issues/silicon/0217.vpr
[info] - testing all/issues/silicon/0219.vpr
[info] - testing all/issues/silicon/0221.vpr
[info] - testing all/issues/silicon/0222.vpr
[info] - testing all/issues/silicon/0224.vpr
[info] - testing all/issues/silicon/0225.vpr
[info] - testing all/issues/silicon/0227.vpr
[info] - testing all/issues/silicon/0228a.vpr
[info] - testing all/issues/silicon/0228b.vpr
[info] - testing all/issues/silicon/0228c.vpr
[info] - testing all/issues/silicon/0229.vpr
[info] - testing all/issues/silicon/0231.vpr
[info] - testing all/issues/silicon/0232.vpr
[info] - testing all/issues/silicon/0236.vpr *** FAILED ***
[info]   java.lang.RuntimeException: Error occurred during Parsing List(Parse error: Expected found "s: Set[Int]) /* Exce", expected invalid identifier (could be a keyword) | "/*" ~ (!(StringIn("*/")) ~ AnyChar).rep ~ "*/" | "//" ~ CharsWhile(viper.silver.parser.FastParser$$$Lambda$333/0x000000080046e840@3221d7f9).? ~ ("\n" | End) | " " | "\t" | "\n" | "\r" | ")" at index 121
[info] predicate P(s: Set[Int]) /* Exce
[info]             ^ (0236.vpr@4.13))
[info]   at scala.sys.package$.error(package.scala:26)
[info]   at FullSilverTests.toTranslate(FullSilverTests.scala:102)
[info]   at FullSilverTests.$anonfun$testAFile$3(FullSilverTests.scala:61)
[info]   at scala.runtime.java8.JFunction0$mcV$sp.apply(JFunction0$mcV$sp.java:12)
[info]   at org.scalatest.OutcomeOf.outcomeOf(OutcomeOf.scala:85)
[info]   at org.scalatest.OutcomeOf.outcomeOf$(OutcomeOf.scala:83)
[info]   at org.scalatest.OutcomeOf$.outcomeOf(OutcomeOf.scala:104)
[info]   at org.scalatest.Transformer.apply(Transformer.scala:22)
[info]   at org.scalatest.Transformer.apply(Transformer.scala:20)
[info]   at org.scalatest.FunSuiteLike$$anon$1.apply(FunSuiteLike.scala:186)
[info]   ...
[info] - testing all/issues/silicon/0237.vpr
[info] - testing all/issues/silicon/0240.vpr
[info] - testing all/issues/silicon/0241.vpr
[info] - testing all/issues/silicon/0242a.vpr
[info] - testing all/issues/silicon/0242b.vpr
[info] - testing all/issues/silicon/0249.vpr
[info] - testing all/issues/silicon/0252.vpr
[info] - testing all/issues/silicon/0263.vpr
[info] - testing all/issues/silicon/0264.vpr
[info] - testing all/issues/silicon/0267a.vpr
[info] - testing all/issues/silicon/0267b.vpr
[info] - testing all/issues/silicon/0269.vpr
[info] - testing all/issues/silicon/0270.vpr
[info] - testing all/issues/silicon/0271.vpr
[info] - testing all/issues/silicon/0276.vpr
[info] - testing all/issues/silicon/0277.vpr
[info] - testing all/issues/silicon/0279.vpr
[info] - testing all/issues/silicon/0281.vpr
[info] - testing all/issues/silicon/0282.vpr
[info] - testing all/issues/silicon/0283.vpr *** FAILED ***
[info]   java.lang.RuntimeException: Error occurred during Parsing List(Parse error: Expected found "xs: Seq[Int])\r\n  //:", expected invalid identifier (could be a keyword) | "/*" ~ (!(StringIn("*/")) ~ AnyChar).rep ~ "*/" | "//" ~ CharsWhile(viper.silver.parser.FastParser$$$Lambda$333/0x000000080046e840@3221d7f9).? ~ ("\n" | End) | " " | "\t" | "\n" | "\r" | ")" at index 122
[info] method test1(xs: Seq[Int])
[info]              ^ (0283.vpr@4.14))
[info]   at scala.sys.package$.error(package.scala:26)
[info]   at FullSilverTests.toTranslate(FullSilverTests.scala:102)
[info]   at FullSilverTests.$anonfun$testAFile$3(FullSilverTests.scala:61)
[info]   at scala.runtime.java8.JFunction0$mcV$sp.apply(JFunction0$mcV$sp.java:12)
[info]   at org.scalatest.OutcomeOf.outcomeOf(OutcomeOf.scala:85)
[info]   at org.scalatest.OutcomeOf.outcomeOf$(OutcomeOf.scala:83)
[info]   at org.scalatest.OutcomeOf$.outcomeOf(OutcomeOf.scala:104)
[info]   at org.scalatest.Transformer.apply(Transformer.scala:22)
[info]   at org.scalatest.Transformer.apply(Transformer.scala:20)
[info]   at org.scalatest.FunSuiteLike$$anon$1.apply(FunSuiteLike.scala:186)
[info]   ...
[info] - testing all/issues/silicon/0285.vpr
[info] - testing all/issues/silicon/0286.vpr
[info] - testing all/issues/silicon/0287.vpr *** FAILED ***
[info]   java.lang.RuntimeException: Error occurred during Parsing List(Parse error: Expected found "{\r\n    forall i:Int ", expected Fail | preambleImport | defineDecl | domainDecl | fieldDecl | functionDecl | predicateDecl | methodDecl | Fail | End at index 153
[info] {
[info] ^ (0287.vpr@7.1))
[info]   at scala.sys.package$.error(package.scala:26)
[info]   at FullSilverTests.toTranslate(FullSilverTests.scala:102)
[info]   at FullSilverTests.$anonfun$testAFile$3(FullSilverTests.scala:61)
[info]   at scala.runtime.java8.JFunction0$mcV$sp.apply(JFunction0$mcV$sp.java:12)
[info]   at org.scalatest.OutcomeOf.outcomeOf(OutcomeOf.scala:85)
[info]   at org.scalatest.OutcomeOf.outcomeOf$(OutcomeOf.scala:83)
[info]   at org.scalatest.OutcomeOf$.outcomeOf(OutcomeOf.scala:104)
[info]   at org.scalatest.Transformer.apply(Transformer.scala:22)
[info]   at org.scalatest.Transformer.apply(Transformer.scala:20)
[info]   at org.scalatest.FunSuiteLike$$anon$1.apply(FunSuiteLike.scala:186)
[info]   ...
[info] - testing all/issues/silicon/0288.vpr
[info] - testing all/issues/silicon/0290.vpr *** FAILED ***
[info]   java.lang.RuntimeException: Error occurred during Parsing List(Parse error: Expected found ", wildcard)\r\n\r\n  //:", expected invalid identifier (could be a keyword) | ")" at index 315
[info]   unfold acc(P(r), wildcard)
[info]                  ^ (0290.vpr@17.18))
[info]   at scala.sys.package$.error(package.scala:26)
[info]   at FullSilverTests.toTranslate(FullSilverTests.scala:102)
[info]   at FullSilverTests.$anonfun$testAFile$3(FullSilverTests.scala:61)
[info]   at scala.runtime.java8.JFunction0$mcV$sp.apply(JFunction0$mcV$sp.java:12)
[info]   at org.scalatest.OutcomeOf.outcomeOf(OutcomeOf.scala:85)
[info]   at org.scalatest.OutcomeOf.outcomeOf$(OutcomeOf.scala:83)
[info]   at org.scalatest.OutcomeOf$.outcomeOf(OutcomeOf.scala:104)
[info]   at org.scalatest.Transformer.apply(Transformer.scala:22)
[info]   at org.scalatest.Transformer.apply(Transformer.scala:20)
[info]   at org.scalatest.FunSuiteLike$$anon$1.apply(FunSuiteLike.scala:186)
[info]   ...
[info] - testing all/issues/silicon/0291.vpr
[info] - testing all/issues/silicon/0292.vpr
[info] - testing all/issues/silicon/0293.vpr
[info] - testing all/issues/silicon/0294.vpr
[info] - testing all/issues/silicon/0297.vpr
[info] - testing all/issues/silicon/0299.vpr
[info] - testing all/issues/silicon/0302.vpr
[info] - testing all/issues/silicon/0310a.vpr
[info] - testing all/issues/silicon/0310b.vpr
[info] - testing all/issues/silicon/0312.vpr
[info] - testing all/issues/silicon/0313a.vpr
[info] - testing all/issues/silicon/0313b.vpr
[info] - testing all/issues/silicon/0314.vpr
[info] - testing all/issues/silicon/0314a.vpr
[info] - testing all/issues/silicon/0314b.vpr
[info] - testing all/issues/silicon/0314d.vpr
[info] - testing all/issues/silicon/0319.vpr
[info] - testing all/issues/silicon/0324.vpr *** FAILED ***
[info]   java.lang.RuntimeException: Error occurred during Parsing List(Parse error: Expected found "&& (x != y ==> acc(y", expected Fail | preambleImport | defineDecl | domainDecl | fieldDecl | functionDecl | predicateDecl | methodDecl | Fail | End at index 179
[info] requires acc(x.val) && (x != y ==> acc(y
[info]                     ^ (0324.vpr@7.23))
[info]   at scala.sys.package$.error(package.scala:26)
[info]   at FullSilverTests.toTranslate(FullSilverTests.scala:102)
[info]   at FullSilverTests.$anonfun$testAFile$3(FullSilverTests.scala:61)
[info]   at scala.runtime.java8.JFunction0$mcV$sp.apply(JFunction0$mcV$sp.java:12)
[info]   at org.scalatest.OutcomeOf.outcomeOf(OutcomeOf.scala:85)
[info]   at org.scalatest.OutcomeOf.outcomeOf$(OutcomeOf.scala:83)
[info]   at org.scalatest.OutcomeOf$.outcomeOf(OutcomeOf.scala:104)
[info]   at org.scalatest.Transformer.apply(Transformer.scala:22)
[info]   at org.scalatest.Transformer.apply(Transformer.scala:20)
[info]   at org.scalatest.FunSuiteLike$$anon$1.apply(FunSuiteLike.scala:186)
[info]   ...
[info] - testing all/issues/silicon/0326.vpr
[info] - testing all/issues/silicon/0328a.vpr
[info] - testing all/issues/silicon/0328b.vpr
[info] - testing all/issues/silicon/0331.vpr
[info] - testing all/issues/silicon/0333.vpr
[info] - testing all/issues/silicon/0334.vpr
[info] - testing all/issues/silicon/0335.vpr
[info] - testing all/issues/silicon/0336a.vpr *** FAILED ***
[info]   java.lang.RuntimeException: Error occurred during Parsing List(Parse error: Expected found "b:Set[Ref])\n{ (foral", expected invalid identifier (could be a keyword) | "/*" ~ (!(StringIn("*/")) ~ AnyChar).rep ~ "*/" | "//" ~ CharsWhile(viper.silver.parser.FastParser$$$Lambda$333/0x000000080046e840@3221d7f9).? ~ ("\n" | End) | " " | "\t" | "\n" | "\r" | ")" at index 164
[info] predicate uf_bank(b:Set[Ref])
[info]                   ^ (0336a.vpr@7.19))
[info]   at scala.sys.package$.error(package.scala:26)
[info]   at FullSilverTests.toTranslate(FullSilverTests.scala:102)
[info]   at FullSilverTests.$anonfun$testAFile$3(FullSilverTests.scala:61)
[info]   at scala.runtime.java8.JFunction0$mcV$sp.apply(JFunction0$mcV$sp.java:12)
[info]   at org.scalatest.OutcomeOf.outcomeOf(OutcomeOf.scala:85)
[info]   at org.scalatest.OutcomeOf.outcomeOf$(OutcomeOf.scala:83)
[info]   at org.scalatest.OutcomeOf$.outcomeOf(OutcomeOf.scala:104)
[info]   at org.scalatest.Transformer.apply(Transformer.scala:22)
[info]   at org.scalatest.Transformer.apply(Transformer.scala:20)
[info]   at org.scalatest.FunSuiteLike$$anon$1.apply(FunSuiteLike.scala:186)
[info]   ...
[info] - testing all/issues/silicon/0336b.vpr *** FAILED ***
[info]   java.lang.RuntimeException: Error occurred during Parsing List(Parse error: Expected found "b:Set[Ref])\r\n{ (fora", expected invalid identifier (could be a keyword) | "/*" ~ (!(StringIn("*/")) ~ AnyChar).rep ~ "*/" | "//" ~ CharsWhile(viper.silver.parser.FastParser$$$Lambda$333/0x000000080046e840@3221d7f9).? ~ ("\n" | End) | " " | "\t" | "\n" | "\r" | ")" at index 169
[info] predicate uf_bank(b:Set[Ref])
[info]                   ^ (0336b.vpr@8.19))
[info]   at scala.sys.package$.error(package.scala:26)
[info]   at FullSilverTests.toTranslate(FullSilverTests.scala:102)
[info]   at FullSilverTests.$anonfun$testAFile$3(FullSilverTests.scala:61)
[info]   at scala.runtime.java8.JFunction0$mcV$sp.apply(JFunction0$mcV$sp.java:12)
[info]   at org.scalatest.OutcomeOf.outcomeOf(OutcomeOf.scala:85)
[info]   at org.scalatest.OutcomeOf.outcomeOf$(OutcomeOf.scala:83)
[info]   at org.scalatest.OutcomeOf$.outcomeOf(OutcomeOf.scala:104)
[info]   at org.scalatest.Transformer.apply(Transformer.scala:22)
[info]   at org.scalatest.Transformer.apply(Transformer.scala:20)
[info]   at org.scalatest.FunSuiteLike$$anon$1.apply(FunSuiteLike.scala:186)
[info]   ...
[info] - testing all/issues/silicon/0340.vpr
[info] - testing all/issues/silicon/0345.vpr
[info] - testing all/issues/silicon/0346.vpr *** FAILED ***
[info]   shouldFail was true
[info]   all/issues/silicon/0346.vpr should fail, but didn't (FullSilverTests.scala:96)
[info] - testing all/issues/silicon/0348.vpr
[info] - testing all/issues/silicon/0351.vpr
[info] - testing all/issues/silicon/0352.vpr
[info] - testing all/issues/silicon/0362.vpr
[info] - testing all/issues/silicon/0365.vpr
[info] - testing all/issues/silicon/0368.vpr
[info] - testing all/issues/silicon/0370.vpr
[info] - testing all/issues/silicon/0378a.vpr
[info] - testing all/issues/silicon/0378b.vpr
[info] - testing all/issues/silicon/0379a.vpr
[info] - testing all/issues/silicon/0379b.vpr
[info] - testing all/issues/silicon/0381.vpr
[info] - testing all/issues/silicon/0383a.vpr *** FAILED ***
[info]   java.lang.RuntimeException: Error occurred during Parsing List(Parse error: Expected found ", all_nodes: Set[Ref", expected invalid identifier (could be a keyword) | "/*" ~ (!(StringIn("*/")) ~ AnyChar).rep ~ "*/" | "//" ~ CharsWhile(viper.silver.parser.FastParser$$$Lambda$333/0x000000080046e840@3221d7f9).? ~ ("\n" | End) | " " | "\t" | "\n" | "\r" | ")" at index 246
[info] d foo(curr_node: Ref, all_nodes: Set[Ref
[info]                     ^ (0383a.vpr@11.26))
[info]   at scala.sys.package$.error(package.scala:26)
[info]   at FullSilverTests.toTranslate(FullSilverTests.scala:102)
[info]   at FullSilverTests.$anonfun$testAFile$3(FullSilverTests.scala:61)
[info]   at scala.runtime.java8.JFunction0$mcV$sp.apply(JFunction0$mcV$sp.java:12)
[info]   at org.scalatest.OutcomeOf.outcomeOf(OutcomeOf.scala:85)
[info]   at org.scalatest.OutcomeOf.outcomeOf$(OutcomeOf.scala:83)
[info]   at org.scalatest.OutcomeOf$.outcomeOf(OutcomeOf.scala:104)
[info]   at org.scalatest.Transformer.apply(Transformer.scala:22)
[info]   at org.scalatest.Transformer.apply(Transformer.scala:20)
[info]   at org.scalatest.FunSuiteLike$$anon$1.apply(FunSuiteLike.scala:186)
[info]   ...
[info] - testing all/issues/silicon/0383b.vpr *** FAILED ***
[info]   java.lang.RuntimeException: Error occurred during Parsing List(Parse error: Expected found "all_nodes: Set[Ref])", expected invalid identifier (could be a keyword) | "/*" ~ (!(StringIn("*/")) ~ AnyChar).rep ~ "*/" | "//" ~ CharsWhile(viper.silver.parser.FastParser$$$Lambda$333/0x000000080046e840@3221d7f9).? ~ ("\n" | End) | " " | "\t" | "\n" | "\r" | ")" at index 116
[info] predicate acc_graph(all_nodes: Set[Ref])
[info]                     ^ (0383b.vpr@8.21))
[info]   at scala.sys.package$.error(package.scala:26)
[info]   at FullSilverTests.toTranslate(FullSilverTests.scala:102)
[info]   at FullSilverTests.$anonfun$testAFile$3(FullSilverTests.scala:61)
[info]   at scala.runtime.java8.JFunction0$mcV$sp.apply(JFunction0$mcV$sp.java:12)
[info]   at org.scalatest.OutcomeOf.outcomeOf(OutcomeOf.scala:85)
[info]   at org.scalatest.OutcomeOf.outcomeOf$(OutcomeOf.scala:83)
[info]   at org.scalatest.OutcomeOf$.outcomeOf(OutcomeOf.scala:104)
[info]   at org.scalatest.Transformer.apply(Transformer.scala:22)
[info]   at org.scalatest.Transformer.apply(Transformer.scala:20)
[info]   at org.scalatest.FunSuiteLike$$anon$1.apply(FunSuiteLike.scala:186)
[info]   ...
[info] - testing all/issues/silicon/0384.sil
[info] - testing all/issues/silicon/0384.vpr
[info] - testing all/issues/silicon/0385.vpr
[info] - testing all/issues/silicon/0388.vpr *** FAILED ***
[info]   java.lang.RuntimeException: Error occurred during Parsing List(Parse error: Expected found "i: Int :: i == 0 ==>", expected Fail | preambleImport | defineDecl | domainDecl | fieldDecl | functionDecl | predicateDecl | methodDecl | Fail | End at index 91
[info]   requires forall i: Int :: i == 0 ==>
[info]                   ^ (0388.vpr@6.19))
[info]   at scala.sys.package$.error(package.scala:26)
[info]   at FullSilverTests.toTranslate(FullSilverTests.scala:102)
[info]   at FullSilverTests.$anonfun$testAFile$3(FullSilverTests.scala:61)
[info]   at scala.runtime.java8.JFunction0$mcV$sp.apply(JFunction0$mcV$sp.java:12)
[info]   at org.scalatest.OutcomeOf.outcomeOf(OutcomeOf.scala:85)
[info]   at org.scalatest.OutcomeOf.outcomeOf$(OutcomeOf.scala:83)
[info]   at org.scalatest.OutcomeOf$.outcomeOf(OutcomeOf.scala:104)
[info]   at org.scalatest.Transformer.apply(Transformer.scala:22)
[info]   at org.scalatest.Transformer.apply(Transformer.scala:20)
[info]   at org.scalatest.FunSuiteLike$$anon$1.apply(FunSuiteLike.scala:186)
[info]   ...
[info] - testing all/issues/silicon/0393a.vpr
[info] - testing all/issues/silicon/0393b.vpr
[info] - testing all/issues/silicon/0394.vpr
[info] - testing all/issues/silicon/0395a.vpr
[info] - testing all/issues/silicon/0395b.vpr
[info] - testing all/issues/silicon/0400.vpr
[info] - testing all/issues/silicon/0409.vpr
[info] - testing all/issues/silicon/0483a.vpr
[info] - testing all/issues/silicon/0483b.vpr
[info] - testing all/issues/silicon/0484.vpr
[info] - testing all/issues/silicon/0491.vpr
[info] - testing all/issues/silicon/0493a.vpr
[info] - testing all/issues/silicon/0493b.vpr
[info] - testing all/issues/silicon/0493c.vpr
[info] - testing all/issues/silicon/0496.vpr
[info] - testing all/issues/silicon/unofficial001.vpr
[info] - testing all/issues/silicon/unofficial002.vpr
[info] - testing all/issues/silicon/unofficial003.vpr
[info] - testing all/issues/silicon/unofficial004.vpr
[info] - testing all/issues/silicon/unofficial005.vpr
[info] - testing all/issues/silicon/unofficial006.vpr
[info] - testing all/issues/silicon/unofficial007.vpr
[info] - testing all/issues/silicon/unofficial008.vpr
[info] - testing all/issues/silver/0003.vpr
[info] - testing all/issues/silver/0004.vpr
[info] - testing all/issues/silver/0007.vpr
[info] - testing all/issues/silver/0008.vpr
[info] - testing all/issues/silver/0009.vpr
[info] - testing all/issues/silver/0010.vpr *** FAILED ***
[info]   java.lang.RuntimeException: Error occurred during Parsing List(Parse error: Expected found "&& (this.b ==> acc(t", expected "}" | invalid identifier (could be a keyword) | StringIn("+", "-") | "." | StringIn("*", "/", "\\", "%") at index 188
[info]   && (this.b ==> acc(t
[info]   ^ (0010.vpr@9.3))
[info]   at scala.sys.package$.error(package.scala:26)
[info]   at FullSilverTests.toTranslate(FullSilverTests.scala:102)
[info]   at FullSilverTests.$anonfun$testAFile$3(FullSilverTests.scala:61)
[info]   at scala.runtime.java8.JFunction0$mcV$sp.apply(JFunction0$mcV$sp.java:12)
[info]   at org.scalatest.OutcomeOf.outcomeOf(OutcomeOf.scala:85)
[info]   at org.scalatest.OutcomeOf.outcomeOf$(OutcomeOf.scala:83)
[info]   at org.scalatest.OutcomeOf$.outcomeOf(OutcomeOf.scala:104)
[info]   at org.scalatest.Transformer.apply(Transformer.scala:22)
[info]   at org.scalatest.Transformer.apply(Transformer.scala:20)
[info]   at org.scalatest.FunSuiteLike$$anon$1.apply(FunSuiteLike.scala:186)
[info]   ...
[info] - testing all/issues/silver/0011.vpr
[info] - testing all/issues/silver/0012.vpr *** FAILED ***
[info]   java.lang.RuntimeException: Error occurred during Parsing List(Parse error: Expected found "/2)\r\n}\r\n\r\npredicate ", expected invalid identifier (could be a keyword) | ")" at index 214
[info] c((this.root).root,1/2)
[info]                     ^ (0012.vpr@8.28))
[info]   at scala.sys.package$.error(package.scala:26)
[info]   at FullSilverTests.toTranslate(FullSilverTests.scala:102)
[info]   at FullSilverTests.$anonfun$testAFile$3(FullSilverTests.scala:61)
[info]   at scala.runtime.java8.JFunction0$mcV$sp.apply(JFunction0$mcV$sp.java:12)
[info]   at org.scalatest.OutcomeOf.outcomeOf(OutcomeOf.scala:85)
[info]   at org.scalatest.OutcomeOf.outcomeOf$(OutcomeOf.scala:83)
[info]   at org.scalatest.OutcomeOf$.outcomeOf(OutcomeOf.scala:104)
[info]   at org.scalatest.Transformer.apply(Transformer.scala:22)
[info]   at org.scalatest.Transformer.apply(Transformer.scala:20)
[info]   at org.scalatest.FunSuiteLike$$anon$1.apply(FunSuiteLike.scala:186)
[info]   ...
[info] - testing all/issues/silver/0013.vpr
[info] - testing all/issues/silver/0014.vpr *** FAILED ***
[info]   java.lang.RuntimeException: Error occurred during Parsing List(Parse error: Expected found "{\r\n  (true <==> true", expected Fail | preambleImport | defineDecl | domainDecl | fieldDecl | functionDecl | predicateDecl | methodDecl | Fail | End at index 123
[info] predicate v() {
[info]               ^ (0014.vpr@4.15))
[info]   at scala.sys.package$.error(package.scala:26)
[info]   at FullSilverTests.toTranslate(FullSilverTests.scala:102)
[info]   at FullSilverTests.$anonfun$testAFile$3(FullSilverTests.scala:61)
[info]   at scala.runtime.java8.JFunction0$mcV$sp.apply(JFunction0$mcV$sp.java:12)
[info]   at org.scalatest.OutcomeOf.outcomeOf(OutcomeOf.scala:85)
[info]   at org.scalatest.OutcomeOf.outcomeOf$(OutcomeOf.scala:83)
[info]   at org.scalatest.OutcomeOf$.outcomeOf(OutcomeOf.scala:104)
[info]   at org.scalatest.Transformer.apply(Transformer.scala:22)
[info]   at org.scalatest.Transformer.apply(Transformer.scala:20)
[info]   at org.scalatest.FunSuiteLike$$anon$1.apply(FunSuiteLike.scala:186)
[info]   ...
[info] - testing all/issues/silver/0015.vpr *** FAILED ***
[info]   java.lang.RuntimeException: Error occurred during Parsing List(Parse error: Expected found "==> acc(x.f,write)\n{", expected Fail | preambleImport | defineDecl | domainDecl | fieldDecl | functionDecl | predicateDecl | methodDecl | Fail | End at index 193
[info]   requires !x.b ==> acc(x.f,write)
[info]                 ^ (0015.vpr@9.17))
[info]   at scala.sys.package$.error(package.scala:26)
[info]   at FullSilverTests.toTranslate(FullSilverTests.scala:102)
[info]   at FullSilverTests.$anonfun$testAFile$3(FullSilverTests.scala:61)
[info]   at scala.runtime.java8.JFunction0$mcV$sp.apply(JFunction0$mcV$sp.java:12)
[info]   at org.scalatest.OutcomeOf.outcomeOf(OutcomeOf.scala:85)
[info]   at org.scalatest.OutcomeOf.outcomeOf$(OutcomeOf.scala:83)
[info]   at org.scalatest.OutcomeOf$.outcomeOf(OutcomeOf.scala:104)
[info]   at org.scalatest.Transformer.apply(Transformer.scala:22)
[info]   at org.scalatest.Transformer.apply(Transformer.scala:20)
[info]   at org.scalatest.FunSuiteLike$$anon$1.apply(FunSuiteLike.scala:186)
[info]   ...
[info] - testing all/issues/silver/0017.vpr
[info] - testing all/issues/silver/0018.vpr
[info] - testing all/issues/silver/0019.vpr *** FAILED ***
[info]   java.lang.RuntimeException: Error occurred during Parsing List(Parse error: Expected found "i:Int :: true;\r\n\t\tre", expected Fail | preambleImport | defineDecl | domainDecl | fieldDecl | functionDecl | predicateDecl | methodDecl | Fail | End at index 151
[info] 		requires forall i:Int :: true;
[info]                   ^ (0019.vpr@5.19))
[info]   at scala.sys.package$.error(package.scala:26)
[info]   at FullSilverTests.toTranslate(FullSilverTests.scala:102)
[info]   at FullSilverTests.$anonfun$testAFile$3(FullSilverTests.scala:61)
[info]   at scala.runtime.java8.JFunction0$mcV$sp.apply(JFunction0$mcV$sp.java:12)
[info]   at org.scalatest.OutcomeOf.outcomeOf(OutcomeOf.scala:85)
[info]   at org.scalatest.OutcomeOf.outcomeOf$(OutcomeOf.scala:83)
[info]   at org.scalatest.OutcomeOf$.outcomeOf(OutcomeOf.scala:104)
[info]   at org.scalatest.Transformer.apply(Transformer.scala:22)
[info]   at org.scalatest.Transformer.apply(Transformer.scala:20)
[info]   at org.scalatest.FunSuiteLike$$anon$1.apply(FunSuiteLike.scala:186)
[info]   ...
[info] - testing all/issues/silver/0021.vpr *** FAILED ***
[info]   java.lang.RuntimeException: Error occurred during Parsing List(Parse error: Expected found ", S: Set[Int])\r\n  re", expected invalid identifier (could be a keyword) | "/*" ~ (!(StringIn("*/")) ~ AnyChar).rep ~ "*/" | "//" ~ CharsWhile(viper.silver.parser.FastParser$$$Lambda$333/0x000000080046e840@3221d7f9).? ~ ("\n" | End) | " " | "\t" | "\n" | "\r" | ")" at index 127
[info] method test(x: Int, S: Set[Int])
[info]                   ^ (0021.vpr@4.19))
[info]   at scala.sys.package$.error(package.scala:26)
[info]   at FullSilverTests.toTranslate(FullSilverTests.scala:102)
[info]   at FullSilverTests.$anonfun$testAFile$3(FullSilverTests.scala:61)
[info]   at scala.runtime.java8.JFunction0$mcV$sp.apply(JFunction0$mcV$sp.java:12)
[info]   at org.scalatest.OutcomeOf.outcomeOf(OutcomeOf.scala:85)
[info]   at org.scalatest.OutcomeOf.outcomeOf$(OutcomeOf.scala:83)
[info]   at org.scalatest.OutcomeOf$.outcomeOf(OutcomeOf.scala:104)
[info]   at org.scalatest.Transformer.apply(Transformer.scala:22)
[info]   at org.scalatest.Transformer.apply(Transformer.scala:20)
[info]   at org.scalatest.FunSuiteLike$$anon$1.apply(FunSuiteLike.scala:186)
[info]   ...
[info] - testing all/issues/silver/0022.vpr *** FAILED ***
[info]   java.lang.RuntimeException: Error occurred during Parsing List(Parse error: Expected found "Seq[Int]\r\n\r\nmethod t", expected invalid identifier (could be a keyword) | "Rational" ~ !(CharIn("0123456789ABCDEFGHIJKLMNOPQRSTUVWXYZabcdefghijklmnopqrstuvwxyz$_")) | StringIn("Int", "Bool", "Perm", "Ref") ~ !(CharIn("0123456789ABCDEFGHIJKLMNOPQRSTUVWXYZabcdefghijklmnopqrstuvwxyz$_")) at index 121
[info] field keys: Seq[Int]
[info]             ^ (0022.vpr@4.13))
[info]   at scala.sys.package$.error(package.scala:26)
[info]   at FullSilverTests.toTranslate(FullSilverTests.scala:102)
[info]   at FullSilverTests.$anonfun$testAFile$3(FullSilverTests.scala:61)
[info]   at scala.runtime.java8.JFunction0$mcV$sp.apply(JFunction0$mcV$sp.java:12)
[info]   at org.scalatest.OutcomeOf.outcomeOf(OutcomeOf.scala:85)
[info]   at org.scalatest.OutcomeOf.outcomeOf$(OutcomeOf.scala:83)
[info]   at org.scalatest.OutcomeOf$.outcomeOf(OutcomeOf.scala:104)
[info]   at org.scalatest.Transformer.apply(Transformer.scala:22)
[info]   at org.scalatest.Transformer.apply(Transformer.scala:20)
[info]   at org.scalatest.FunSuiteLike$$anon$1.apply(FunSuiteLike.scala:186)
[info]   ...
[info] - testing all/issues/silver/0024.vpr
[info] - testing all/issues/silver/0025.vpr *** FAILED ***
[info]   java.lang.RuntimeException: Error occurred during Parsing List(Parse error: Expected found "x: Int :: (x + 1 > 4", expected Fail | preambleImport | defineDecl | domainDecl | fieldDecl | functionDecl | predicateDecl | methodDecl | Fail | End at index 169
[info]   requires forall x: Int :: (x + 1 > 4
[info]                   ^ (0025.vpr@7.19))
[info]   at scala.sys.package$.error(package.scala:26)
[info]   at FullSilverTests.toTranslate(FullSilverTests.scala:102)
[info]   at FullSilverTests.$anonfun$testAFile$3(FullSilverTests.scala:61)
[info]   at scala.runtime.java8.JFunction0$mcV$sp.apply(JFunction0$mcV$sp.java:12)
[info]   at org.scalatest.OutcomeOf.outcomeOf(OutcomeOf.scala:85)
[info]   at org.scalatest.OutcomeOf.outcomeOf$(OutcomeOf.scala:83)
[info]   at org.scalatest.OutcomeOf$.outcomeOf(OutcomeOf.scala:104)
[info]   at org.scalatest.Transformer.apply(Transformer.scala:22)
[info]   at org.scalatest.Transformer.apply(Transformer.scala:20)
[info]   at org.scalatest.FunSuiteLike$$anon$1.apply(FunSuiteLike.scala:186)
[info]   ...
[info] - testing all/issues/silver/0026.vpr
[info] - testing all/issues/silver/0027.vpr
[info] - testing all/issues/silver/0029.vpr
[info] - testing all/issues/silver/0030.vpr
[info] - testing all/issues/silver/0031.vpr
[info] - testing all/issues/silver/0033.vpr
[info] - testing all/issues/silver/0035.vpr
[info] - testing all/issues/silver/0036.vpr
[info] - testing all/issues/silver/0037.vpr
[info] - testing all/issues/silver/0038-1.vpr
[info] - testing all/issues/silver/0038.vpr
[info] - testing all/issues/silver/0039.vpr
[info] - testing all/issues/silver/0040.vpr
[info] - testing all/issues/silver/0046a.vpr
[info] - testing all/issues/silver/0046b.vpr
[info] - testing all/issues/silver/0047.vpr
[info] - testing all/issues/silver/0047b.vpr
[info] - testing all/issues/silver/0048.vpr
[info] - testing all/issues/silver/0050.vpr
[info] - testing all/issues/silver/0051.vpr
[info] - testing all/issues/silver/0054.vpr *** FAILED ***
[info]   java.lang.RuntimeException: Error occurred during Parsing List(Parse error: Expected found "k := wildcard\n\n    /", expected Fail | methodCall | fieldassign | localassign | fold | unfold | assertP | ifthnels | whle | varDecl | starredNewstmt | regularNewstmt | block | Fail | "}" at index 186
[info]     k := wildcard
[info]     ^ (0054.vpr@8.5))
[info]   at scala.sys.package$.error(package.scala:26)
[info]   at FullSilverTests.toTranslate(FullSilverTests.scala:102)
[info]   at FullSilverTests.$anonfun$testAFile$3(FullSilverTests.scala:61)
[info]   at scala.runtime.java8.JFunction0$mcV$sp.apply(JFunction0$mcV$sp.java:12)
[info]   at org.scalatest.OutcomeOf.outcomeOf(OutcomeOf.scala:85)
[info]   at org.scalatest.OutcomeOf.outcomeOf$(OutcomeOf.scala:83)
[info]   at org.scalatest.OutcomeOf$.outcomeOf(OutcomeOf.scala:104)
[info]   at org.scalatest.Transformer.apply(Transformer.scala:22)
[info]   at org.scalatest.Transformer.apply(Transformer.scala:20)
[info]   at org.scalatest.FunSuiteLike$$anon$1.apply(FunSuiteLike.scala:186)
[info]   ...
[info] - testing all/issues/silver/0056.vpr
[info] - testing all/issues/silver/0059.vpr *** FAILED ***
[info]   java.lang.RuntimeException: Error occurred during Parsing List(Parse error: Expected found "a: Seq[Int])\n  requi", expected invalid identifier (could be a keyword) | "/*" ~ (!(StringIn("*/")) ~ AnyChar).rep ~ "*/" | "//" ~ CharsWhile(viper.silver.parser.FastParser$$$Lambda$333/0x000000080046e840@3221d7f9).? ~ ("\n" | End) | " " | "\t" | "\n" | "\r" | ")" at index 118
[info] method m(a: Seq[Int])
[info]          ^ (0059.vpr@4.10))
[info]   at scala.sys.package$.error(package.scala:26)
[info]   at FullSilverTests.toTranslate(FullSilverTests.scala:102)
[info]   at FullSilverTests.$anonfun$testAFile$3(FullSilverTests.scala:61)
[info]   at scala.runtime.java8.JFunction0$mcV$sp.apply(JFunction0$mcV$sp.java:12)
[info]   at org.scalatest.OutcomeOf.outcomeOf(OutcomeOf.scala:85)
[info]   at org.scalatest.OutcomeOf.outcomeOf$(OutcomeOf.scala:83)
[info]   at org.scalatest.OutcomeOf$.outcomeOf(OutcomeOf.scala:104)
[info]   at org.scalatest.Transformer.apply(Transformer.scala:22)
[info]   at org.scalatest.Transformer.apply(Transformer.scala:20)
[info]   at org.scalatest.FunSuiteLike$$anon$1.apply(FunSuiteLike.scala:186)
[info]   ...
[info] - testing all/issues/silver/0062.vpr
[info] - testing all/issues/silver/0063.vpr *** FAILED ***
[info]   java.lang.RuntimeException: Error occurred during Parsing List(Parse error: Expected found "> none && i > 0\n{\n  ", expected Fail | preambleImport | defineDecl | domainDecl | fieldDecl | functionDecl | predicateDecl | methodDecl | Fail | End at index 184
[info]   requires p > none && i > 0
[info]              ^ (0063.vpr@7.14))
[info]   at scala.sys.package$.error(package.scala:26)
[info]   at FullSilverTests.toTranslate(FullSilverTests.scala:102)
[info]   at FullSilverTests.$anonfun$testAFile$3(FullSilverTests.scala:61)
[info]   at scala.runtime.java8.JFunction0$mcV$sp.apply(JFunction0$mcV$sp.java:12)
[info]   at org.scalatest.OutcomeOf.outcomeOf(OutcomeOf.scala:85)
[info]   at org.scalatest.OutcomeOf.outcomeOf$(OutcomeOf.scala:83)
[info]   at org.scalatest.OutcomeOf$.outcomeOf(OutcomeOf.scala:104)
[info]   at org.scalatest.Transformer.apply(Transformer.scala:22)
[info]   at org.scalatest.Transformer.apply(Transformer.scala:20)
[info]   at org.scalatest.FunSuiteLike$$anon$1.apply(FunSuiteLike.scala:186)
[info]   ...
[info] - testing all/issues/silver/0065.vpr
[info] - testing all/issues/silver/0067.vpr
[info] - testing all/issues/silver/0068.vpr
[info] - testing all/issues/silver/0069.vpr
[info] - testing all/issues/silver/0072.vpr *** FAILED ***
[info]   java.lang.RuntimeException: Error occurred during Parsing List(Parse error: Expected found ", (1/10))\n}\n\nmethod ", expected invalid identifier (could be a keyword) | ")" at index 232
[info]    fold acc(token(x), (1/10))
[info]                     ^ (0072.vpr@13.22))
[info]   at scala.sys.package$.error(package.scala:26)
[info]   at FullSilverTests.toTranslate(FullSilverTests.scala:102)
[info]   at FullSilverTests.$anonfun$testAFile$3(FullSilverTests.scala:61)
[info]   at scala.runtime.java8.JFunction0$mcV$sp.apply(JFunction0$mcV$sp.java:12)
[info]   at org.scalatest.OutcomeOf.outcomeOf(OutcomeOf.scala:85)
[info]   at org.scalatest.OutcomeOf.outcomeOf$(OutcomeOf.scala:83)
[info]   at org.scalatest.OutcomeOf$.outcomeOf(OutcomeOf.scala:104)
[info]   at org.scalatest.Transformer.apply(Transformer.scala:22)
[info]   at org.scalatest.Transformer.apply(Transformer.scala:20)
[info]   at org.scalatest.FunSuiteLike$$anon$1.apply(FunSuiteLike.scala:186)
[info]   ...
[info] - testing all/issues/silver/0073-1.vpr
[info] - testing all/issues/silver/0073.vpr
[info] - testing all/issues/silver/0077.vpr
[info] - testing all/issues/silver/0078.vpr
[info] - testing all/issues/silver/0081.vpr
[info] - testing all/issues/silver/0084.vpr
[info] - testing all/issues/silver/0085.vpr *** FAILED ***
[info]   shouldFail was true
[info]   all/issues/silver/0085.vpr should fail, but didn't (FullSilverTests.scala:96)
[info] - testing all/issues/silver/0086.vpr
[info] - testing all/issues/silver/0088-1.vpr *** FAILED ***
[info]   java.lang.RuntimeException: Error occurred during Parsing List(Parse error: Expected found "> none\r\n  requires w", expected Fail | preambleImport | defineDecl | domainDecl | fieldDecl | functionDecl | predicateDecl | methodDecl | Fail | End at index 204
[info]   requires k > none
[info]              ^ (0088-1.vpr@8.14))
[info]   at scala.sys.package$.error(package.scala:26)
[info]   at FullSilverTests.toTranslate(FullSilverTests.scala:102)
[info]   at FullSilverTests.$anonfun$testAFile$3(FullSilverTests.scala:61)
[info]   at scala.runtime.java8.JFunction0$mcV$sp.apply(JFunction0$mcV$sp.java:12)
[info]   at org.scalatest.OutcomeOf.outcomeOf(OutcomeOf.scala:85)
[info]   at org.scalatest.OutcomeOf.outcomeOf$(OutcomeOf.scala:83)
[info]   at org.scalatest.OutcomeOf$.outcomeOf(OutcomeOf.scala:104)
[info]   at org.scalatest.Transformer.apply(Transformer.scala:22)
[info]   at org.scalatest.Transformer.apply(Transformer.scala:20)
[info]   at org.scalatest.FunSuiteLike$$anon$1.apply(FunSuiteLike.scala:186)
[info]   ...
[info] - testing all/issues/silver/0088.vpr
[info] - testing all/issues/silver/0090.vpr
[info] - testing all/issues/silver/0091.vpr *** FAILED ***
[info]   java.lang.RuntimeException: Error occurred during Parsing List(Parse error: Expected found "B: Multiset[Int], x:", expected invalid identifier (could be a keyword) | "/*" ~ (!(StringIn("*/")) ~ AnyChar).rep ~ "*/" | "//" ~ CharsWhile(viper.silver.parser.FastParser$$$Lambda$333/0x000000080046e840@3221d7f9).? ~ ("\n" | End) | " " | "\t" | "\n" | "\r" | ")" at index 123
[info] method test09(B: Multiset[Int], x:
[info]               ^ (0091.vpr@4.15))
[info]   at scala.sys.package$.error(package.scala:26)
[info]   at FullSilverTests.toTranslate(FullSilverTests.scala:102)
[info]   at FullSilverTests.$anonfun$testAFile$3(FullSilverTests.scala:61)
[info]   at scala.runtime.java8.JFunction0$mcV$sp.apply(JFunction0$mcV$sp.java:12)
[info]   at org.scalatest.OutcomeOf.outcomeOf(OutcomeOf.scala:85)
[info]   at org.scalatest.OutcomeOf.outcomeOf$(OutcomeOf.scala:83)
[info]   at org.scalatest.OutcomeOf$.outcomeOf(OutcomeOf.scala:104)
[info]   at org.scalatest.Transformer.apply(Transformer.scala:22)
[info]   at org.scalatest.Transformer.apply(Transformer.scala:20)
[info]   at org.scalatest.FunSuiteLike$$anon$1.apply(FunSuiteLike.scala:186)
[info]   ...
[info] - testing all/issues/silver/0092.vpr
[info] - testing all/issues/silver/0093.vpr
[info] - testing all/issues/silver/0102.vpr
[info] - testing all/issues/silver/0105-1.vpr
[info] - testing all/issues/silver/0105.vpr
[info] - testing all/issues/silver/0106-1.vpr
[info] - testing all/issues/silver/0106.vpr
[info] - testing all/issues/silver/0108.vpr
[info] - testing all/issues/silver/0114-1.vpr
[info] - testing all/issues/silver/0114.vpr
[info] - testing all/issues/silver/0116.vpr
[info] - testing all/issues/silver/0117.vpr
[info] - testing all/issues/silver/0118.vpr
[info] - testing all/issues/silver/0120.vpr *** FAILED ***
[info]   java.lang.RuntimeException: Error occurred during Parsing List(Parse error: Expected found "r: Ref [r.f] :: acc(", expected Fail | methodCall | fieldassign | localassign | fold | unfold | assertP | ifthnels | whle | varDecl | starredNewstmt | regularNewstmt | block | Fail | "}" at index 238
[info] 	assert forperm r: Ref [r.f] :: acc(
[info]                 ^ (0120.vpr@11.17))
[info]   at scala.sys.package$.error(package.scala:26)
[info]   at FullSilverTests.toTranslate(FullSilverTests.scala:102)
[info]   at FullSilverTests.$anonfun$testAFile$3(FullSilverTests.scala:61)
[info]   at scala.runtime.java8.JFunction0$mcV$sp.apply(JFunction0$mcV$sp.java:12)
[info]   at org.scalatest.OutcomeOf.outcomeOf(OutcomeOf.scala:85)
[info]   at org.scalatest.OutcomeOf.outcomeOf$(OutcomeOf.scala:83)
[info]   at org.scalatest.OutcomeOf$.outcomeOf(OutcomeOf.scala:104)
[info]   at org.scalatest.Transformer.apply(Transformer.scala:22)
[info]   at org.scalatest.Transformer.apply(Transformer.scala:20)
[info]   at org.scalatest.FunSuiteLike$$anon$1.apply(FunSuiteLike.scala:186)
[info]   ...
[info] - testing all/issues/silver/0126.vpr
[info] - testing all/issues/silver/0127-1.vpr
[info] - testing all/issues/silver/0127-2.vpr
[info] - testing all/issues/silver/0127.vpr
[info] - testing all/issues/silver/0128.vpr
[info] - testing all/issues/silver/0129.vpr
[info] - testing all/issues/silver/0130.vpr
[info] - testing all/issues/silver/0131.vpr
[info] - testing all/issues/silver/0132.vpr
[info] - testing all/issues/silver/0137.vpr
[info] - testing all/issues/silver/0138.vpr
[info] - testing all/issues/silver/0139.vpr
[info] - testing all/issues/silver/0140.vpr *** FAILED ***
[info]   java.lang.RuntimeException: Error occurred during Parsing List(Parse error: Expected found "--* b ==> (true --* ", expected Fail | methodCall | fieldassign | localassign | fold | unfold | assertP | ifthnels | whle | varDecl | starredNewstmt | regularNewstmt | block | Fail | "}" at index 236
[info]   assert true --* b ==> (true --* 
[info]               ^ (0140.vpr@7.15))
[info]   at scala.sys.package$.error(package.scala:26)
[info]   at FullSilverTests.toTranslate(FullSilverTests.scala:102)
[info]   at FullSilverTests.$anonfun$testAFile$3(FullSilverTests.scala:61)
[info]   at scala.runtime.java8.JFunction0$mcV$sp.apply(JFunction0$mcV$sp.java:12)
[info]   at org.scalatest.OutcomeOf.outcomeOf(OutcomeOf.scala:85)
[info]   at org.scalatest.OutcomeOf.outcomeOf$(OutcomeOf.scala:83)
[info]   at org.scalatest.OutcomeOf$.outcomeOf(OutcomeOf.scala:104)
[info]   at org.scalatest.Transformer.apply(Transformer.scala:22)
[info]   at org.scalatest.Transformer.apply(Transformer.scala:20)
[info]   at org.scalatest.FunSuiteLike$$anon$1.apply(FunSuiteLike.scala:186)
[info]   ...
[info] - testing all/issues/silver/0142.vpr
[info] - testing all/issues/silver/0148.vpr
[info] - testing all/issues/silver/0151.vpr
[info] - testing all/issues/silver/0152.vpr
[info] - testing all/issues/silver/0155.vpr
[info] - testing all/issues/silver/0158.vpr *** FAILED ***
[info]   java.lang.RuntimeException: Error occurred during Parsing List(Parse error: Expected found "i : Int :: {} true\n}", expected Fail | methodCall | fieldassign | localassign | fold | unfold | assertP | ifthnels | whle | varDecl | starredNewstmt | regularNewstmt | block | Fail | "}" at index 183
[info]     assert forall i : Int :: {} true
[info]                   ^ (0158.vpr@7.19))
[info]   at scala.sys.package$.error(package.scala:26)
[info]   at FullSilverTests.toTranslate(FullSilverTests.scala:102)
[info]   at FullSilverTests.$anonfun$testAFile$3(FullSilverTests.scala:61)
[info]   at scala.runtime.java8.JFunction0$mcV$sp.apply(JFunction0$mcV$sp.java:12)
[info]   at org.scalatest.OutcomeOf.outcomeOf(OutcomeOf.scala:85)
[info]   at org.scalatest.OutcomeOf.outcomeOf$(OutcomeOf.scala:83)
[info]   at org.scalatest.OutcomeOf$.outcomeOf(OutcomeOf.scala:104)
[info]   at org.scalatest.Transformer.apply(Transformer.scala:22)
[info]   at org.scalatest.Transformer.apply(Transformer.scala:20)
[info]   at org.scalatest.FunSuiteLike$$anon$1.apply(FunSuiteLike.scala:186)
[info]   ...
[info] - testing all/issues/silver/0159.vpr *** FAILED ***
[info]   java.lang.RuntimeException: Error occurred during Parsing List(Parse error: Expected found "i: Int :: i < 4 && i", expected Fail | methodCall | fieldassign | localassign | fold | unfold | assertP | ifthnels | whle | varDecl | starredNewstmt | regularNewstmt | block | Fail | "}" at index 366
[info]   assert forall i: Int :: i < 4 && i
[info]                 ^ (0159.vpr@11.17))
[info]   at scala.sys.package$.error(package.scala:26)
[info]   at FullSilverTests.toTranslate(FullSilverTests.scala:102)
[info]   at FullSilverTests.$anonfun$testAFile$3(FullSilverTests.scala:61)
[info]   at scala.runtime.java8.JFunction0$mcV$sp.apply(JFunction0$mcV$sp.java:12)
[info]   at org.scalatest.OutcomeOf.outcomeOf(OutcomeOf.scala:85)
[info]   at org.scalatest.OutcomeOf.outcomeOf$(OutcomeOf.scala:83)
[info]   at org.scalatest.OutcomeOf$.outcomeOf(OutcomeOf.scala:104)
[info]   at org.scalatest.Transformer.apply(Transformer.scala:22)
[info]   at org.scalatest.Transformer.apply(Transformer.scala:20)
[info]   at org.scalatest.FunSuiteLike$$anon$1.apply(FunSuiteLike.scala:186)
[info]   ...
[info] - testing all/issues/silver/0160.vpr
[info] - testing all/issues/silver/0162-1.vpr
[info] - testing all/issues/silver/0162-2.vpr
[info] - testing all/issues/silver/0164.vpr
[info] - testing all/issues/silver/0165.vpr *** FAILED ***
[info]   java.lang.RuntimeException: Error occurred during Parsing List(Parse error: Expected found "Intmethod b () { }", expected invalid identifier (could be a keyword) | "Rational" ~ !(CharIn("0123456789ABCDEFGHIJKLMNOPQRSTUVWXYZabcdefghijklmnopqrstuvwxyz$_")) | StringIn("Int", "Bool", "Perm", "Ref") ~ !(CharIn("0123456789ABCDEFGHIJKLMNOPQRSTUVWXYZabcdefghijklmnopqrstuvwxyz$_")) at index 154
[info] field a : Intmethod b () { }
[info]           ^ (0165.vpr@5.11))
[info]   at scala.sys.package$.error(package.scala:26)
[info]   at FullSilverTests.toTranslate(FullSilverTests.scala:102)
[info]   at FullSilverTests.$anonfun$testAFile$3(FullSilverTests.scala:61)
[info]   at scala.runtime.java8.JFunction0$mcV$sp.apply(JFunction0$mcV$sp.java:12)
[info]   at org.scalatest.OutcomeOf.outcomeOf(OutcomeOf.scala:85)
[info]   at org.scalatest.OutcomeOf.outcomeOf$(OutcomeOf.scala:83)
[info]   at org.scalatest.OutcomeOf$.outcomeOf(OutcomeOf.scala:104)
[info]   at org.scalatest.Transformer.apply(Transformer.scala:22)
[info]   at org.scalatest.Transformer.apply(Transformer.scala:20)
[info]   at org.scalatest.FunSuiteLike$$anon$1.apply(FunSuiteLike.scala:186)
[info]   ...
[info] - testing all/issues/silver/0167-1.vpr
[info] - testing all/issues/silver/0167-2.vpr
[info] - testing all/issues/silver/0168.vpr
[info] - testing all/issues/silver/0168_lib.vpr *** FAILED ***
[info]   shouldFail was true
[info]   all/issues/silver/0168_lib.vpr should fail, but didn't (FullSilverTests.scala:96)
[info] - testing all/issues/silver/0170.vpr
[info] - testing all/issues/silver/0172.vpr
[info] - testing all/issues/silver/0173.vpr
[info] - testing all/issues/silver/0174.vpr
[info] - testing all/issues/silver/0175.vpr
[info] - testing all/issues/silver/0175b.vpr *** FAILED ***
[info]   java.lang.RuntimeException: Error occurred during Parsing List(Parse error: Expected found "xs: Set[Ref], ys: Se", expected invalid identifier (could be a keyword) | "/*" ~ (!(StringIn("*/")) ~ AnyChar).rep ~ "*/" | "//" ~ CharsWhile(viper.silver.parser.FastParser$$$Lambda$333/0x000000080046e840@3221d7f9).? ~ ("\n" | End) | " " | "\t" | "\n" | "\r" | ")" at index 135
[info] method test(xs: Set[Ref], ys: Se
[info]             ^ (0175b.vpr@6.13))
[info]   at scala.sys.package$.error(package.scala:26)
[info]   at FullSilverTests.toTranslate(FullSilverTests.scala:102)
[info]   at FullSilverTests.$anonfun$testAFile$3(FullSilverTests.scala:61)
[info]   at scala.runtime.java8.JFunction0$mcV$sp.apply(JFunction0$mcV$sp.java:12)
[info]   at org.scalatest.OutcomeOf.outcomeOf(OutcomeOf.scala:85)
[info]   at org.scalatest.OutcomeOf.outcomeOf$(OutcomeOf.scala:83)
[info]   at org.scalatest.OutcomeOf$.outcomeOf(OutcomeOf.scala:104)
[info]   at org.scalatest.Transformer.apply(Transformer.scala:22)
[info]   at org.scalatest.Transformer.apply(Transformer.scala:20)
[info]   at org.scalatest.FunSuiteLike$$anon$1.apply(FunSuiteLike.scala:186)
[info]   ...
[info] - testing all/issues/silver/0176.vpr
[info] - testing all/issues/silver/0177-1.vpr
[info] - testing all/issues/silver/0177-2.vpr *** FAILED ***
[info]   java.lang.RuntimeException: Error occurred during Parsing List(Parse error: Expected found ":= 1\n}\n", expected Fail | methodCall | fieldassign | localassign | fold | unfold | assertP | ifthnels | whle | varDecl | starredNewstmt | regularNewstmt | block | Fail | "}" at index 201
[info]     m1(r) := 1
[info]           ^ (0177-2.vpr@12.11))
[info]   at scala.sys.package$.error(package.scala:26)
[info]   at FullSilverTests.toTranslate(FullSilverTests.scala:102)
[info]   at FullSilverTests.$anonfun$testAFile$3(FullSilverTests.scala:61)
[info]   at scala.runtime.java8.JFunction0$mcV$sp.apply(JFunction0$mcV$sp.java:12)
[info]   at org.scalatest.OutcomeOf.outcomeOf(OutcomeOf.scala:85)
[info]   at org.scalatest.OutcomeOf.outcomeOf$(OutcomeOf.scala:83)
[info]   at org.scalatest.OutcomeOf$.outcomeOf(OutcomeOf.scala:104)
[info]   at org.scalatest.Transformer.apply(Transformer.scala:22)
[info]   at org.scalatest.Transformer.apply(Transformer.scala:20)
[info]   at org.scalatest.FunSuiteLike$$anon$1.apply(FunSuiteLike.scala:186)
[info]   ...
[info] - testing all/issues/silver/0177-3.vpr
[info] - testing all/issues/silver/0178-1.vpr
[info] - testing all/issues/silver/0178-2.vpr
[info] - testing all/issues/silver/0178-3.vpr
[info] - testing all/issues/silver/0179.vpr
[info] - testing all/issues/silver/0180.vpr
[info] - testing all/issues/silver/0182.vpr
[info] - testing all/issues/silver/0183-1.vpr *** FAILED ***
[info]   java.lang.RuntimeException: Error occurred during Parsing List(Parse error: Expected found ". // misplaced dot\n ", expected Fail | methodCall | fieldassign | localassign | fold | unfold | assertP | ifthnels | whle | varDecl | starredNewstmt | regularNewstmt | block | Fail | "}" at index 183
[info]     . // misplaced dot
[info]     ^ (0183-1.vpr@9.5))
[info]   at scala.sys.package$.error(package.scala:26)
[info]   at FullSilverTests.toTranslate(FullSilverTests.scala:102)
[info]   at FullSilverTests.$anonfun$testAFile$3(FullSilverTests.scala:61)
[info]   at scala.runtime.java8.JFunction0$mcV$sp.apply(JFunction0$mcV$sp.java:12)
[info]   at org.scalatest.OutcomeOf.outcomeOf(OutcomeOf.scala:85)
[info]   at org.scalatest.OutcomeOf.outcomeOf$(OutcomeOf.scala:83)
[info]   at org.scalatest.OutcomeOf$.outcomeOf(OutcomeOf.scala:104)
[info]   at org.scalatest.Transformer.apply(Transformer.scala:22)
[info]   at org.scalatest.Transformer.apply(Transformer.scala:20)
[info]   at org.scalatest.FunSuiteLike$$anon$1.apply(FunSuiteLike.scala:186)
[info]   ...
[info] - testing all/issues/silver/0183-2.vpr *** FAILED ***
[info]   java.lang.RuntimeException: Error occurred during Parsing List(Parse error: Expected found "{\r\n  this != end ==>", expected Fail | preambleImport | defineDecl | domainDecl | fieldDecl | functionDecl | predicateDecl | methodDecl | Fail | End at index 372
[info] {
[info] ^ (0183-2.vpr@14.1))
[info]   at scala.sys.package$.error(package.scala:26)
[info]   at FullSilverTests.toTranslate(FullSilverTests.scala:102)
[info]   at FullSilverTests.$anonfun$testAFile$3(FullSilverTests.scala:61)
[info]   at scala.runtime.java8.JFunction0$mcV$sp.apply(JFunction0$mcV$sp.java:12)
[info]   at org.scalatest.OutcomeOf.outcomeOf(OutcomeOf.scala:85)
[info]   at org.scalatest.OutcomeOf.outcomeOf$(OutcomeOf.scala:83)
[info]   at org.scalatest.OutcomeOf$.outcomeOf(OutcomeOf.scala:104)
[info]   at org.scalatest.Transformer.apply(Transformer.scala:22)
[info]   at org.scalatest.Transformer.apply(Transformer.scala:20)
[info]   at org.scalatest.FunSuiteLike$$anon$1.apply(FunSuiteLike.scala:186)
[info]   ...
[info] - testing all/issues/silver/0189.vpr
[info] - testing all/issues/silver/0190.vpr
[info] - testing all/issues/silver/0192.vpr
[info] - testing all/issues/silver/0193.vpr
[info] - testing all/issues/silver/0198.vpr
[info] - testing all/issues/silver/0200.vpr
[info] - testing all/issues/silver/0201.vpr
[info] - testing all/issues/silver/0202.vpr
[info] - testing all/issues/silver/0204.vpr
[info] - testing all/issues/silver/0205.vpr *** FAILED ***
[info]   shouldFail was true
[info]   all/issues/silver/0205.vpr should fail, but didn't (FullSilverTests.scala:96)
[info] - testing all/issues/silver/0207.vpr
[info] - testing all/issues/silver/0208.vpr
[info] - testing all/issues/silver/0209.vpr
[info] - testing all/issues/silver/0210.vpr
[info] - testing all/issues/silver/0211.vpr
[info] - testing all/issues/silver/0212.vpr *** FAILED ***
[info]   java.lang.RuntimeException: Error occurred during Parsing List(Parse error: Expected found "Seq[Int] \r\n\r\n    var", expected invalid identifier (could be a keyword) | "Rational" ~ !(CharIn("0123456789ABCDEFGHIJKLMNOPQRSTUVWXYZabcdefghijklmnopqrstuvwxyz$_")) | StringIn("Int", "Bool", "Perm", "Ref") ~ !(CharIn("0123456789ABCDEFGHIJKLMNOPQRSTUVWXYZabcdefghijklmnopqrstuvwxyz$_")) at index 137
[info]     var seq: Seq[Int] 
[info]              ^ (0212.vpr@6.14))
[info]   at scala.sys.package$.error(package.scala:26)
[info]   at FullSilverTests.toTranslate(FullSilverTests.scala:102)
[info]   at FullSilverTests.$anonfun$testAFile$3(FullSilverTests.scala:61)
[info]   at scala.runtime.java8.JFunction0$mcV$sp.apply(JFunction0$mcV$sp.java:12)
[info]   at org.scalatest.OutcomeOf.outcomeOf(OutcomeOf.scala:85)
[info]   at org.scalatest.OutcomeOf.outcomeOf$(OutcomeOf.scala:83)
[info]   at org.scalatest.OutcomeOf$.outcomeOf(OutcomeOf.scala:104)
[info]   at org.scalatest.Transformer.apply(Transformer.scala:22)
[info]   at org.scalatest.Transformer.apply(Transformer.scala:20)
[info]   at org.scalatest.FunSuiteLike$$anon$1.apply(FunSuiteLike.scala:186)
[info]   ...
[info] - testing all/issues/silver/0213a.vpr
[info] - testing all/issues/silver/0213b.vpr
[info] - testing all/issues/silver/0213c.vpr
[info] - testing all/issues/silver/0213d.vpr
[info] - testing all/issues/silver/0214.vpr
[info] - testing all/issues/silver/0215-1.vpr
[info] - testing all/issues/silver/0215-2.vpr
[info] - testing all/issues/silver/0217.vpr
[info] - testing all/issues/silver/0218a.vpr
[info] - testing all/issues/silver/0218b.vpr
[info] - testing all/issues/silver/0219.vpr
[info] - testing all/issues/silver/0222.vpr
[info] - testing all/issues/silver/0226.vpr
[info] - testing all/issues/silver/0227.vpr
[info] - testing all/issues/silver/0230.vpr
[info] - testing all/issues/silver/0233.vpr
[info] - testing all/issues/silver/0235-1.vpr *** FAILED ***
[info]   java.lang.RuntimeException: Error occurred during Parsing List(Parse error: Expected found ":= 1 0\n}\n\n", expected Fail | methodCall | fieldassign | localassign | fold | unfold | assertP | ifthnels | whle | varDecl | starredNewstmt | regularNewstmt | block | Fail | "}" at index 176
[info]     var x: Int := 1 0
[info]                ^ (0235-1.vpr@7.16))
[info]   at scala.sys.package$.error(package.scala:26)
[info]   at FullSilverTests.toTranslate(FullSilverTests.scala:102)
[info]   at FullSilverTests.$anonfun$testAFile$3(FullSilverTests.scala:61)
[info]   at scala.runtime.java8.JFunction0$mcV$sp.apply(JFunction0$mcV$sp.java:12)
[info]   at org.scalatest.OutcomeOf.outcomeOf(OutcomeOf.scala:85)
[info]   at org.scalatest.OutcomeOf.outcomeOf$(OutcomeOf.scala:83)
[info]   at org.scalatest.OutcomeOf$.outcomeOf(OutcomeOf.scala:104)
[info]   at org.scalatest.Transformer.apply(Transformer.scala:22)
[info]   at org.scalatest.Transformer.apply(Transformer.scala:20)
[info]   at org.scalatest.FunSuiteLike$$anon$1.apply(FunSuiteLike.scala:186)
[info]   ...
[info] - testing all/issues/silver/0235-2.vpr *** FAILED ***
[info]   java.lang.RuntimeException: Error occurred during Parsing List(Parse error: Expected found ":= 1    0\n}\n", expected Fail | methodCall | fieldassign | localassign | fold | unfold | assertP | ifthnels | whle | varDecl | starredNewstmt | regularNewstmt | block | Fail | "}" at index 176
[info]     var x: Int := 1    0
[info]                ^ (0235-2.vpr@7.16))
[info]   at scala.sys.package$.error(package.scala:26)
[info]   at FullSilverTests.toTranslate(FullSilverTests.scala:102)
[info]   at FullSilverTests.$anonfun$testAFile$3(FullSilverTests.scala:61)
[info]   at scala.runtime.java8.JFunction0$mcV$sp.apply(JFunction0$mcV$sp.java:12)
[info]   at org.scalatest.OutcomeOf.outcomeOf(OutcomeOf.scala:85)
[info]   at org.scalatest.OutcomeOf.outcomeOf$(OutcomeOf.scala:83)
[info]   at org.scalatest.OutcomeOf$.outcomeOf(OutcomeOf.scala:104)
[info]   at org.scalatest.Transformer.apply(Transformer.scala:22)
[info]   at org.scalatest.Transformer.apply(Transformer.scala:20)
[info]   at org.scalatest.FunSuiteLike$$anon$1.apply(FunSuiteLike.scala:186)
[info]   ...
[info] - testing all/issues/silver/0235-3.vpr
[info] - testing all/issues/silver/0238.vpr
[info] - testing all/issues/silver/0239-1.vpr
[info] - testing all/issues/silver/0239-2.vpr
[info] - testing all/issues/silver/0239-3.vpr
[info] - testing all/issues/silver/0247.vpr
[info] - testing all/issues/silver/0251.vpr
[info] - testing all/issues/silver/0257.vpr
[info] - testing all/issues/silver/0258.vpr
[info] - testing all/issues/silver/0260.vpr
[info] - testing all/issues/silver/0266-1.vpr *** FAILED ***
[info]   java.lang.RuntimeException: Error occurred during Parsing List(Parse error: file "C:\Users\jacob\Desktop\REUSE\silver-gv\target\scala-2.12\test-classes\all\issues\silver\doesnotexist.vpr" does not exist (0266-2.vpr@6.1))
[info]   at scala.sys.package$.error(package.scala:26)
[info]   at FullSilverTests.toTranslate(FullSilverTests.scala:102)
[info]   at FullSilverTests.$anonfun$testAFile$3(FullSilverTests.scala:61)
[info]   at scala.runtime.java8.JFunction0$mcV$sp.apply(JFunction0$mcV$sp.java:12)
[info]   at org.scalatest.OutcomeOf.outcomeOf(OutcomeOf.scala:85)
[info]   at org.scalatest.OutcomeOf.outcomeOf$(OutcomeOf.scala:83)
[info]   at org.scalatest.OutcomeOf$.outcomeOf(OutcomeOf.scala:104)
[info]   at org.scalatest.Transformer.apply(Transformer.scala:22)
[info]   at org.scalatest.Transformer.apply(Transformer.scala:20)
[info]   at org.scalatest.FunSuiteLike$$anon$1.apply(FunSuiteLike.scala:186)
[info]   ...
[info] - testing all/issues/silver/0266-2.vpr *** FAILED ***
[info]   java.lang.RuntimeException: Error occurred during Parsing List(Parse error: file "C:\Users\jacob\Desktop\REUSE\silver-gv\target\scala-2.12\test-classes\all\issues\silver\doesnotexist.vpr" does not exist (0266-2.vpr@6.8))
[info]   at scala.sys.package$.error(package.scala:26)
[info]   at FullSilverTests.toTranslate(FullSilverTests.scala:102)
[info]   at FullSilverTests.$anonfun$testAFile$3(FullSilverTests.scala:61)
[info]   at scala.runtime.java8.JFunction0$mcV$sp.apply(JFunction0$mcV$sp.java:12)
[info]   at org.scalatest.OutcomeOf.outcomeOf(OutcomeOf.scala:85)
[info]   at org.scalatest.OutcomeOf.outcomeOf$(OutcomeOf.scala:83)
[info]   at org.scalatest.OutcomeOf$.outcomeOf(OutcomeOf.scala:104)
[info]   at org.scalatest.Transformer.apply(Transformer.scala:22)
[info]   at org.scalatest.Transformer.apply(Transformer.scala:20)
[info]   at org.scalatest.FunSuiteLike$$anon$1.apply(FunSuiteLike.scala:186)
[info]   ...
[info] - testing all/issues/silver/0271-1.vpr *** FAILED ***
[info]   java.lang.RuntimeException: Error occurred during Parsing List(Parse error: Expected found ":= - 1 // No whitesp", expected Fail | methodCall | fieldassign | localassign | fold | unfold | assertP | ifthnels | whle | varDecl | starredNewstmt | regularNewstmt | block | Fail | "}" at index 174
[info]   var i: Int := - 1 // No whitesp
[info]              ^ (0271-1.vpr@7.14))
[info]   at scala.sys.package$.error(package.scala:26)
[info]   at FullSilverTests.toTranslate(FullSilverTests.scala:102)
[info]   at FullSilverTests.$anonfun$testAFile$3(FullSilverTests.scala:61)
[info]   at scala.runtime.java8.JFunction0$mcV$sp.apply(JFunction0$mcV$sp.java:12)
[info]   at org.scalatest.OutcomeOf.outcomeOf(OutcomeOf.scala:85)
[info]   at org.scalatest.OutcomeOf.outcomeOf$(OutcomeOf.scala:83)
[info]   at org.scalatest.OutcomeOf$.outcomeOf(OutcomeOf.scala:104)
[info]   at org.scalatest.Transformer.apply(Transformer.scala:22)
[info]   at org.scalatest.Transformer.apply(Transformer.scala:20)
[info]   at org.scalatest.FunSuiteLike$$anon$1.apply(FunSuiteLike.scala:186)
[info]   ...
[info] - testing all/issues/silver/0271-2.vpr *** FAILED ***
[info]   java.lang.RuntimeException: Error occurred during Parsing List(Parse error: Expected found ":= ! true // No whit", expected Fail | methodCall | fieldassign | localassign | fold | unfold | assertP | ifthnels | whle | varDecl | starredNewstmt | regularNewstmt | block | Fail | "}" at index 175
[info]   var b: Bool := ! true // No whit
[info]               ^ (0271-2.vpr@7.15))
[info]   at scala.sys.package$.error(package.scala:26)
[info]   at FullSilverTests.toTranslate(FullSilverTests.scala:102)
[info]   at FullSilverTests.$anonfun$testAFile$3(FullSilverTests.scala:61)
[info]   at scala.runtime.java8.JFunction0$mcV$sp.apply(JFunction0$mcV$sp.java:12)
[info]   at org.scalatest.OutcomeOf.outcomeOf(OutcomeOf.scala:85)
[info]   at org.scalatest.OutcomeOf.outcomeOf$(OutcomeOf.scala:83)
[info]   at org.scalatest.OutcomeOf$.outcomeOf(OutcomeOf.scala:104)
[info]   at org.scalatest.Transformer.apply(Transformer.scala:22)
[info]   at org.scalatest.Transformer.apply(Transformer.scala:20)
[info]   at org.scalatest.FunSuiteLike$$anon$1.apply(FunSuiteLike.scala:186)
[info]   ...
[info] - testing all/issues/silver/0274.vpr
[info] - testing all/issues/silver/0282.vpr
[info] - testing all/issues/silver/0455.vpr
[info] - testing all/issues/silver/79.vpr
[info] - testing all/macros/capture_avoiding_substitution-1.vpr
[info] - testing all/macros/capture_avoiding_substitution-2.vpr
[info] - testing all/macros/capture_avoiding_substitution-3.vpr
[info] - testing all/macros/complex.vpr
[info] - testing all/macros/complexExp.vpr
[info] - testing all/macros/define.vpr
[info] - testing all/macros/define_consistency.vpr
[info] - testing all/macros/define_consistency_typechecker.vpr
[info] - testing all/macros/define_nested.vpr
[info] - testing all/macros/simple.vpr
[info] - testing all/macros/simple2Broken.vpr
[info] - testing all/multisets/multisets.vpr *** FAILED ***
[info]   java.lang.RuntimeException: Error occurred during Parsing List(Parse error: Expected found "Multiset[Int]\r\n  var", expected invalid identifier (could be a keyword) | "Rational" ~ !(CharIn("0123456789ABCDEFGHIJKLMNOPQRSTUVWXYZabcdefghijklmnopqrstuvwxyz$_")) | StringIn("Int", "Bool", "Perm", "Ref") ~ !(CharIn("0123456789ABCDEFGHIJKLMNOPQRSTUVWXYZabcdefghijklmnopqrstuvwxyz$_")) at index 138
[info]   var B1: Multiset[Int]
[info]           ^ (multisets.vpr@5.11))
[info]   at scala.sys.package$.error(package.scala:26)
[info]   at FullSilverTests.toTranslate(FullSilverTests.scala:102)
[info]   at FullSilverTests.$anonfun$testAFile$3(FullSilverTests.scala:61)
[info]   at scala.runtime.java8.JFunction0$mcV$sp.apply(JFunction0$mcV$sp.java:12)
[info]   at org.scalatest.OutcomeOf.outcomeOf(OutcomeOf.scala:85)
[info]   at org.scalatest.OutcomeOf.outcomeOf$(OutcomeOf.scala:83)
[info]   at org.scalatest.OutcomeOf$.outcomeOf(OutcomeOf.scala:104)
[info]   at org.scalatest.Transformer.apply(Transformer.scala:22)
[info]   at org.scalatest.Transformer.apply(Transformer.scala:20)
[info]   at org.scalatest.FunSuiteLike$$anon$1.apply(FunSuiteLike.scala:186)
[info]   ...
[info] - testing all/old/branching_labelled_old.vpr
[info] - testing all/old/duplicate_label.vpr
[info] - testing all/old/labelled_old.vpr
[info] - testing all/old/old.vpr
[info] - testing all/permissions/aliasing.vpr
[info] - testing all/permissions/forperm.vpr
[info] - testing all/permissions/framing_none_perms.vpr
[info] - testing all/permissions/loops.vpr
[info] - testing all/permissions/negative_amounts.vpr
[info] - testing all/permissions/perm.vpr
[info] - testing all/permissions/possibly_none_perms.vpr
[info] - testing all/permissions/various.vpr
[info] - testing all/permission_introspection/forpermCheck.vpr *** FAILED ***
[info]   java.lang.RuntimeException: Error occurred during Parsing List(Parse error: Expected found "r: Ref [r.f1] :: per", expected Fail | methodCall | fieldassign | localassign | fold | unfold | assertP | ifthnels | whle | varDecl | starredNewstmt | regularNewstmt | block | Fail | "}" at index 221
[info]   assert forperm r: Ref [r.f1] :: per
[info]                  ^ (forpermCheck.vpr@10.18))
[info]   at scala.sys.package$.error(package.scala:26)
[info]   at FullSilverTests.toTranslate(FullSilverTests.scala:102)
[info]   at FullSilverTests.$anonfun$testAFile$3(FullSilverTests.scala:61)
[info]   at scala.runtime.java8.JFunction0$mcV$sp.apply(JFunction0$mcV$sp.java:12)
[info]   at org.scalatest.OutcomeOf.outcomeOf(OutcomeOf.scala:85)
[info]   at org.scalatest.OutcomeOf.outcomeOf$(OutcomeOf.scala:83)
[info]   at org.scalatest.OutcomeOf$.outcomeOf(OutcomeOf.scala:104)
[info]   at org.scalatest.Transformer.apply(Transformer.scala:22)
[info]   at org.scalatest.Transformer.apply(Transformer.scala:20)
[info]   at org.scalatest.FunSuiteLike$$anon$1.apply(FunSuiteLike.scala:186)
[info]   ...
[info] - testing all/permission_introspection/forpermFields.vpr
[info] - testing all/permission_introspection/forpermInhaleExhale.vpr
[info] - testing all/permission_introspection/forpermMisc.vpr
[info] - testing all/permission_introspection/forpermPredicatesAdvanced.vpr
[info] - testing all/permission_introspection/forpermPredicatesSimple.vpr
[info] - testing all/permission_introspection/forpermQP.vpr
[info] - testing all/permission_introspection/forpermTypecheck.vpr
[info] - testing all/permission_introspection/forpermWands.vpr
[info] - testing all/permission_introspection/permWandAlias.vpr
[info] - testing all/permission_introspection/permWandApply.vpr
[info] - testing all/permission_introspection/permWandInhale.vpr
[info] - testing all/permission_introspection/permWandQP.vpr
[info] - testing all/predicates/arguments.vpr
[info] - testing all/predicates/different_field_types.vpr
[info] - testing all/predicates/lseg.vpr
[info] - testing all/predicates/non-aliasing.vpr *** FAILED ***
[info]   java.lang.RuntimeException: Error occurred during Parsing List(Parse error: Expected found ", wildcard) &&\r\n  ((", expected invalid identifier (could be a keyword) | "." | ")" at index 212
[info]   acc(this.next, wildcard) &&
[info]                ^ (non-aliasing.vpr@9.16))
[info]   at scala.sys.package$.error(package.scala:26)
[info]   at FullSilverTests.toTranslate(FullSilverTests.scala:102)
[info]   at FullSilverTests.$anonfun$testAFile$3(FullSilverTests.scala:61)
[info]   at scala.runtime.java8.JFunction0$mcV$sp.apply(JFunction0$mcV$sp.java:12)
[info]   at org.scalatest.OutcomeOf.outcomeOf(OutcomeOf.scala:85)
[info]   at org.scalatest.OutcomeOf.outcomeOf$(OutcomeOf.scala:83)
[info]   at org.scalatest.OutcomeOf$.outcomeOf(OutcomeOf.scala:104)
[info]   at org.scalatest.Transformer.apply(Transformer.scala:22)
[info]   at org.scalatest.Transformer.apply(Transformer.scala:20)
[info]   at org.scalatest.FunSuiteLike$$anon$1.apply(FunSuiteLike.scala:186)
[info]   ...
[info] - testing all/predicates/receiverless.vpr
[info] - testing all/predicates/unfolding.vpr
[info] - testing all/predicates/unfolding_exhale.vpr
[info] - testing all/sequences/binarySearchSeq.vpr *** FAILED ***
[info]   java.lang.RuntimeException: Error occurred during Parsing List(Parse error: Expected found "array: Seq[Int], key", expected invalid identifier (could be a keyword) | "/*" ~ (!(StringIn("*/")) ~ AnyChar).rep ~ "*/" | "//" ~ CharsWhile(viper.silver.parser.FastParser$$$Lambda$333/0x000000080046e840@3221d7f9).? ~ ("\n" | End) | " " | "\t" | "\n" | "\r" | ")" at index 130
[info] ethod binary_search(array: Seq[Int], key
[info]                     ^ (binarySearchSeq.vpr@4.22))
[info]   at scala.sys.package$.error(package.scala:26)
[info]   at FullSilverTests.toTranslate(FullSilverTests.scala:102)
[info]   at FullSilverTests.$anonfun$testAFile$3(FullSilverTests.scala:61)
[info]   at scala.runtime.java8.JFunction0$mcV$sp.apply(JFunction0$mcV$sp.java:12)
[info]   at org.scalatest.OutcomeOf.outcomeOf(OutcomeOf.scala:85)
[info]   at org.scalatest.OutcomeOf.outcomeOf$(OutcomeOf.scala:83)
[info]   at org.scalatest.OutcomeOf$.outcomeOf(OutcomeOf.scala:104)
[info]   at org.scalatest.Transformer.apply(Transformer.scala:22)
[info]   at org.scalatest.Transformer.apply(Transformer.scala:20)
[info]   at org.scalatest.FunSuiteLike$$anon$1.apply(FunSuiteLike.scala:186)
[info]   ...
[info] - testing all/sequences/nil.vpr *** FAILED ***
[info]   java.lang.RuntimeException: Error occurred during Parsing List(Parse error: Expected found "Seq[Bool] := Seq[Boo", expected invalid identifier (could be a keyword) | "Rational" ~ !(CharIn("0123456789ABCDEFGHIJKLMNOPQRSTUVWXYZabcdefghijklmnopqrstuvwxyz$_")) | StringIn("Int", "Bool", "Perm", "Ref") ~ !(CharIn("0123456789ABCDEFGHIJKLMNOPQRSTUVWXYZabcdefghijklmnopqrstuvwxyz$_")) at index 139
[info]   var bs1: Seq[Bool] := Seq[Boo
[info]            ^ (nil.vpr@5.12))
[info]   at scala.sys.package$.error(package.scala:26)
[info]   at FullSilverTests.toTranslate(FullSilverTests.scala:102)
[info]   at FullSilverTests.$anonfun$testAFile$3(FullSilverTests.scala:61)
[info]   at scala.runtime.java8.JFunction0$mcV$sp.apply(JFunction0$mcV$sp.java:12)
[info]   at org.scalatest.OutcomeOf.outcomeOf(OutcomeOf.scala:85)
[info]   at org.scalatest.OutcomeOf.outcomeOf$(OutcomeOf.scala:83)
[info]   at org.scalatest.OutcomeOf$.outcomeOf(OutcomeOf.scala:104)
[info]   at org.scalatest.Transformer.apply(Transformer.scala:22)
[info]   at org.scalatest.Transformer.apply(Transformer.scala:20)
[info]   at org.scalatest.FunSuiteLike$$anon$1.apply(FunSuiteLike.scala:186)
[info]   ...
[info] - testing all/sequences/sequences.vpr
[info] - testing all/sequences/sequence_incompletenesses.vpr
[info] - testing all/sets/sets.vpr *** FAILED ***
[info]   java.lang.RuntimeException: Error occurred during Parsing List(Parse error: Expected found ", xs: Set[Int]) {\n  ", expected invalid identifier (could be a keyword) | "/*" ~ (!(StringIn("*/")) ~ AnyChar).rep ~ "*/" | "//" ~ CharsWhile(viper.silver.parser.FastParser$$$Lambda$333/0x000000080046e840@3221d7f9).? ~ ("\n" | End) | " " | "\t" | "\n" | "\r" | ")" at index 126
[info] method t1(x: Int, xs: Set[Int]) {
[info]                 ^ (sets.vpr@5.17))
[info]   at scala.sys.package$.error(package.scala:26)
[info]   at FullSilverTests.toTranslate(FullSilverTests.scala:102)
[info]   at FullSilverTests.$anonfun$testAFile$3(FullSilverTests.scala:61)
[info]   at scala.runtime.java8.JFunction0$mcV$sp.apply(JFunction0$mcV$sp.java:12)
[info]   at org.scalatest.OutcomeOf.outcomeOf(OutcomeOf.scala:85)
[info]   at org.scalatest.OutcomeOf.outcomeOf$(OutcomeOf.scala:83)
[info]   at org.scalatest.OutcomeOf$.outcomeOf(OutcomeOf.scala:104)
[info]   at org.scalatest.Transformer.apply(Transformer.scala:22)
[info]   at org.scalatest.Transformer.apply(Transformer.scala:20)
[info]   at org.scalatest.FunSuiteLike$$anon$1.apply(FunSuiteLike.scala:186)
[info]   ...
[info] - testing all/third_party/forward-dep.vpr
[info] - testing all/third_party/loop-inv-bug.vpr
[info] - testing all/third_party/testHistoryApplication.vpr
[info] - testing all/third_party/testHistoryApplicationPVL.vpr
[info] - testing all/third_party/testHistoryAxioms.vpr
[info] - testing all/third_party/testHistoryProcesses.vpr
[info] - testing all/third_party/testHistoryProcessesPVL.vpr
[info] - testing all/third_party/testLoopInvariant.vpr
[info] - testing all/third_party/testLoopInvariantE1.vpr
[info] - testing all/third_party/stefan_recent/testCollections.vpr
[info] - testing all/third_party/stefan_recent/testGoto1.vpr
[info] - testing all/third_party/stefan_recent/testGoto2.vpr
[info] - testing all/third_party/stefan_recent/testHistoryApplication.vpr
[info] - testing all/third_party/stefan_recent/testHistoryLemmasPVL.vpr
[info] - testing all/third_party/stefan_recent/testHistoryLoop.vpr
[info] - testing all/third_party/stefan_recent/testHistoryProcessesPVL.vpr
[info] - testing all/third_party/stefan_recent/testHistoryThreadsApplication.vpr
[info] - testing all/third_party/stefan_recent/testHistoryThreadsLemmasPVL.vpr
[info] - testing all/third_party/stefan_recent/testHistoryThreadsProcessesPVL.vpr
[info] - testing all/third_party/stefan_recent/testListAppend.vpr
[info] - testing all/third_party/stefan_recent/testLockSetDemo.vpr
[info] - testing all/third_party/stefan_recent/testLoopInvariant.vpr
[info] - testing all/third_party/stefan_recent/testLoopInvariantE1.vpr
[info] - testing all/third_party/stefan_recent/testPVLLocks.vpr
[info] - testing all/third_party/stefan_recent/testPVLSyntax.vpr
[info] - testing all/third_party/stefan_recent/testThreadInheritance.vpr
[info] - testing all/third_party/stefan_recent/testThreadInheritanceE1.vpr
[info] - testing all/third_party/stefan_recent/testThreadInheritanceE2.vpr
[info] - testing all/third_party/stefan_recent/testThreadInheritanceReal.vpr
[info] - testing all/third_party/stefan_recent/testTreeRecursive.vpr
[info] - testing all/third_party/stefan_recent/testTreeWand.vpr
[info] - testing all/third_party/stefan_recent/testTreeWandE1.vpr
[info] - testing all/third_party/stefan_recent/testTreeWandE2.vpr
[info] - testing all/third_party/stefan_recent/testValue1.vpr
[info] - testing all/third_party/stefan_recent/testValue2.vpr
[info] - testing all/third_party/stefan_recent/testWandDemo.vpr
[info] - testing all/third_party/stefan_recent/test_example1.vpr
[info] - testing all/third_party/stefan_recent/test_example2.vpr *** FAILED ***
[info]   java.lang.RuntimeException: Error occurred during Parsing List(Parse error: Expected found "&& (i <= y)\n    inva", expected invalid identifier (could be a keyword) | gradInv | inv | "{" at index 544
[info]  invariant (0 <= i) && (i <= y)
[info]                     ^ (test_example2.vpr@21.24))
[info]   at scala.sys.package$.error(package.scala:26)
[info]   at FullSilverTests.toTranslate(FullSilverTests.scala:102)
[info]   at FullSilverTests.$anonfun$testAFile$3(FullSilverTests.scala:61)
[info]   at scala.runtime.java8.JFunction0$mcV$sp.apply(JFunction0$mcV$sp.java:12)
[info]   at org.scalatest.OutcomeOf.outcomeOf(OutcomeOf.scala:85)
[info]   at org.scalatest.OutcomeOf.outcomeOf$(OutcomeOf.scala:83)
[info]   at org.scalatest.OutcomeOf$.outcomeOf(OutcomeOf.scala:104)
[info]   at org.scalatest.Transformer.apply(Transformer.scala:22)
[info]   at org.scalatest.Transformer.apply(Transformer.scala:20)
[info]   at org.scalatest.FunSuiteLike$$anon$1.apply(FunSuiteLike.scala:186)
[info]   ...
[info] - testing all/third_party/stefan_recent/test_example3.vpr
[info] - testing all/third_party/stefan_recent/test_example4.vpr
[info] - testing all/third_party/stefan_recent/test_fibonacci.vpr
[info] - testing all/third_party/stefan_recent/test_functions.vpr
[info] - testing all/third_party/stefan_recent/test_list.vpr
[info] - testing all/third_party/stefan_recent/test_vector_add_pvl.vpr
[info] - testing all/third_party/stefan_recent/test_zero.vpr
[info] - testing all/third_party/stefan_recent/test_zero_err.vpr
[info] - testing all/third_party/vercors/vercors_magic_wand_demo.encoded.chalice
[info] - testing all/third_party/vercors/vercors_magic_wand_demo.encoded.chalice.vpr
[info] Run completed in 13 seconds, 290 milliseconds.
[info] Total number of tests run: 658
[info] Suites: completed 1, aborted 0
[info] Tests: succeeded 546, failed 112, canceled 0, ignored 0, pending 0
[info] *** 112 TESTS FAILED ***
[error] Failed tests:
[error] 	FullSilverTests
[error] (Test / testOnly) sbt.TestsFailedException: Tests unsuccessful
[error] Total time: 15 s, completed Jul 10, 2020, 12:28:38 PM
